0 info it worked if it ends with ok
1 verbose cli [ '/usr/local/Cellar/node/6.4.0/bin/node',
1 verbose cli   '/usr/local/bin/npm',
1 verbose cli   'install',
1 verbose cli   'libxmljs' ]
2 info using npm@3.10.3
3 info using node@v6.4.0
4 silly loadCurrentTree Starting
5 silly install loadCurrentTree
6 silly install readLocalPackageData
7 silly fetchPackageMetaData libxmljs
8 silly fetchNamedPackageData libxmljs
9 silly mapToRegistry name libxmljs
10 silly mapToRegistry using default registry
11 silly mapToRegistry registry https://registry.npmjs.org/
12 silly mapToRegistry data Result {
12 silly mapToRegistry   raw: 'libxmljs',
12 silly mapToRegistry   scope: null,
12 silly mapToRegistry   escapedName: 'libxmljs',
12 silly mapToRegistry   name: 'libxmljs',
12 silly mapToRegistry   rawSpec: '',
12 silly mapToRegistry   spec: 'latest',
12 silly mapToRegistry   type: 'tag' }
13 silly mapToRegistry uri https://registry.npmjs.org/libxmljs
14 verbose request uri https://registry.npmjs.org/libxmljs
15 verbose request no auth needed
16 info attempt registry request try #1 at 6:23:28 AM
17 verbose request id 05f461fa763e5588
18 verbose etag "1B2NWWHRTNQ7Y1HHWK0MU090T"
19 http request GET https://registry.npmjs.org/libxmljs
20 http 304 https://registry.npmjs.org/libxmljs
21 verbose headers { date: 'Thu, 25 Aug 2016 10:23:29 GMT',
21 verbose headers   via: '1.1 varnish',
21 verbose headers   'cache-control': 'max-age=300',
21 verbose headers   etag: '"1B2NWWHRTNQ7Y1HHWK0MU090T"',
21 verbose headers   age: '0',
21 verbose headers   connection: 'keep-alive',
21 verbose headers   'x-served-by': 'cache-atl6247-ATL',
21 verbose headers   'x-cache': 'HIT',
21 verbose headers   'x-cache-hits': '1',
21 verbose headers   'x-timer': 'S1472120609.169381,VS0,VE364',
21 verbose headers   vary: 'Accept-Encoding' }
22 silly get cb [ 304,
22 silly get   { date: 'Thu, 25 Aug 2016 10:23:29 GMT',
22 silly get     via: '1.1 varnish',
22 silly get     'cache-control': 'max-age=300',
22 silly get     etag: '"1B2NWWHRTNQ7Y1HHWK0MU090T"',
22 silly get     age: '0',
22 silly get     connection: 'keep-alive',
22 silly get     'x-served-by': 'cache-atl6247-ATL',
22 silly get     'x-cache': 'HIT',
22 silly get     'x-cache-hits': '1',
22 silly get     'x-timer': 'S1472120609.169381,VS0,VE364',
22 silly get     vary: 'Accept-Encoding' } ]
23 verbose etag https://registry.npmjs.org/libxmljs from cache
24 verbose get saving libxmljs to /Users/jruiz/.npm/registry.npmjs.org/libxmljs/.cache.json
25 verbose correctMkdir /Users/jruiz/.npm correctMkdir not in flight; initializing
26 silly install normalizeTree
27 silly loadCurrentTree Finishing
28 silly loadIdealTree Starting
29 silly install loadIdealTree
30 silly cloneCurrentTree Starting
31 silly install cloneCurrentTreeToIdealTree
32 silly cloneCurrentTree Finishing
33 silly loadShrinkwrap Starting
34 silly install loadShrinkwrap
35 silly loadShrinkwrap Finishing
36 silly loadAllDepsIntoIdealTree Starting
37 silly install loadAllDepsIntoIdealTree
38 silly resolveWithNewModule libxmljs@0.18.0 checking installable wso2Status
39 silly cache add args [ 'libxmljs', null ]
40 verbose cache add spec libxmljs
41 silly cache add parsed spec Result {
41 silly cache add   raw: 'libxmljs',
41 silly cache add   scope: null,
41 silly cache add   escapedName: 'libxmljs',
41 silly cache add   name: 'libxmljs',
41 silly cache add   rawSpec: '',
41 silly cache add   spec: 'latest',
41 silly cache add   type: 'tag' }
42 silly addNamed libxmljs@latest
43 verbose addNamed "latest" is being treated as a dist-tag for libxmljs
44 info addNameTag [ 'libxmljs', 'latest' ]
45 silly mapToRegistry name libxmljs
46 silly mapToRegistry using default registry
47 silly mapToRegistry registry https://registry.npmjs.org/
48 silly mapToRegistry data Result {
48 silly mapToRegistry   raw: 'libxmljs',
48 silly mapToRegistry   scope: null,
48 silly mapToRegistry   escapedName: 'libxmljs',
48 silly mapToRegistry   name: 'libxmljs',
48 silly mapToRegistry   rawSpec: '',
48 silly mapToRegistry   spec: 'latest',
48 silly mapToRegistry   type: 'tag' }
49 silly mapToRegistry uri https://registry.npmjs.org/libxmljs
50 verbose addNameTag registry:https://registry.npmjs.org/libxmljs not in flight; fetching
51 verbose get https://registry.npmjs.org/libxmljs not expired, no request
52 silly addNameTag next cb for libxmljs with tag latest
53 silly addNamed libxmljs@0.18.0
54 verbose addNamed "0.18.0" is a plain semver version for libxmljs
55 silly cache afterAdd libxmljs@0.18.0
56 verbose afterAdd /Users/jruiz/.npm/libxmljs/0.18.0/package/package.json not in flight; writing
57 verbose correctMkdir /Users/jruiz/.npm correctMkdir not in flight; initializing
58 verbose afterAdd /Users/jruiz/.npm/libxmljs/0.18.0/package/package.json written
59 silly fetchNamedPackageData bindings
60 silly mapToRegistry name bindings
61 silly mapToRegistry using default registry
62 silly mapToRegistry registry https://registry.npmjs.org/
63 silly mapToRegistry data Result {
63 silly mapToRegistry   raw: 'bindings',
63 silly mapToRegistry   scope: null,
63 silly mapToRegistry   escapedName: 'bindings',
63 silly mapToRegistry   name: 'bindings',
63 silly mapToRegistry   rawSpec: '',
63 silly mapToRegistry   spec: 'latest',
63 silly mapToRegistry   type: 'tag' }
64 silly mapToRegistry uri https://registry.npmjs.org/bindings
65 silly fetchNamedPackageData nan
66 silly mapToRegistry name nan
67 silly mapToRegistry using default registry
68 silly mapToRegistry registry https://registry.npmjs.org/
69 silly mapToRegistry data Result {
69 silly mapToRegistry   raw: 'nan',
69 silly mapToRegistry   scope: null,
69 silly mapToRegistry   escapedName: 'nan',
69 silly mapToRegistry   name: 'nan',
69 silly mapToRegistry   rawSpec: '',
69 silly mapToRegistry   spec: 'latest',
69 silly mapToRegistry   type: 'tag' }
70 silly mapToRegistry uri https://registry.npmjs.org/nan
71 verbose request uri https://registry.npmjs.org/bindings
72 verbose request no auth needed
73 info attempt registry request try #1 at 6:23:29 AM
74 verbose etag "33TX4J3DNTGF7K41ZUV6OA182"
75 http request GET https://registry.npmjs.org/bindings
76 verbose request uri https://registry.npmjs.org/nan
77 verbose request no auth needed
78 info attempt registry request try #1 at 6:23:29 AM
79 verbose etag "EGTR1APXEV7TH8V3QYT0WN357"
80 http request GET https://registry.npmjs.org/nan
81 http 304 https://registry.npmjs.org/bindings
82 verbose headers { date: 'Thu, 25 Aug 2016 10:23:30 GMT',
82 verbose headers   via: '1.1 varnish',
82 verbose headers   'cache-control': 'max-age=300',
82 verbose headers   etag: '"33TX4J3DNTGF7K41ZUV6OA182"',
82 verbose headers   age: '284',
82 verbose headers   connection: 'keep-alive',
82 verbose headers   'x-served-by': 'cache-atl6247-ATL',
82 verbose headers   'x-cache': 'HIT',
82 verbose headers   'x-cache-hits': '1',
82 verbose headers   'x-timer': 'S1472120610.053747,VS0,VE0',
82 verbose headers   vary: 'Accept-Encoding' }
83 silly get cb [ 304,
83 silly get   { date: 'Thu, 25 Aug 2016 10:23:30 GMT',
83 silly get     via: '1.1 varnish',
83 silly get     'cache-control': 'max-age=300',
83 silly get     etag: '"33TX4J3DNTGF7K41ZUV6OA182"',
83 silly get     age: '284',
83 silly get     connection: 'keep-alive',
83 silly get     'x-served-by': 'cache-atl6247-ATL',
83 silly get     'x-cache': 'HIT',
83 silly get     'x-cache-hits': '1',
83 silly get     'x-timer': 'S1472120610.053747,VS0,VE0',
83 silly get     vary: 'Accept-Encoding' } ]
84 verbose etag https://registry.npmjs.org/bindings from cache
85 verbose get saving bindings to /Users/jruiz/.npm/registry.npmjs.org/bindings/.cache.json
86 verbose correctMkdir /Users/jruiz/.npm correctMkdir not in flight; initializing
87 silly resolveWithNewModule bindings@1.2.1 checking installable wso2Status
88 silly cache add args [ 'bindings@1.2.1', null ]
89 verbose cache add spec bindings@1.2.1
90 silly cache add parsed spec Result {
90 silly cache add   raw: 'bindings@1.2.1',
90 silly cache add   scope: null,
90 silly cache add   escapedName: 'bindings',
90 silly cache add   name: 'bindings',
90 silly cache add   rawSpec: '1.2.1',
90 silly cache add   spec: '1.2.1',
90 silly cache add   type: 'version' }
91 silly addNamed bindings@1.2.1
92 verbose addNamed "1.2.1" is a plain semver version for bindings
93 silly mapToRegistry name bindings
94 silly mapToRegistry using default registry
95 silly mapToRegistry registry https://registry.npmjs.org/
96 silly mapToRegistry data Result {
96 silly mapToRegistry   raw: 'bindings',
96 silly mapToRegistry   scope: null,
96 silly mapToRegistry   escapedName: 'bindings',
96 silly mapToRegistry   name: 'bindings',
96 silly mapToRegistry   rawSpec: '',
96 silly mapToRegistry   spec: 'latest',
96 silly mapToRegistry   type: 'tag' }
97 silly mapToRegistry uri https://registry.npmjs.org/bindings
98 verbose addNameVersion registry:https://registry.npmjs.org/bindings not in flight; fetching
99 verbose get https://registry.npmjs.org/bindings not expired, no request
100 silly cache afterAdd bindings@1.2.1
101 verbose afterAdd /Users/jruiz/.npm/bindings/1.2.1/package/package.json not in flight; writing
102 verbose correctMkdir /Users/jruiz/.npm correctMkdir not in flight; initializing
103 verbose afterAdd /Users/jruiz/.npm/bindings/1.2.1/package/package.json written
104 http 304 https://registry.npmjs.org/nan
105 verbose headers { date: 'Thu, 25 Aug 2016 10:23:30 GMT',
105 verbose headers   via: '1.1 varnish',
105 verbose headers   'cache-control': 'max-age=300',
105 verbose headers   etag: '"EGTR1APXEV7TH8V3QYT0WN357"',
105 verbose headers   age: '0',
105 verbose headers   connection: 'keep-alive',
105 verbose headers   'x-served-by': 'cache-atl6234-ATL',
105 verbose headers   'x-cache': 'HIT',
105 verbose headers   'x-cache-hits': '1',
105 verbose headers   'x-timer': 'S1472120610.093781,VS0,VE208',
105 verbose headers   vary: 'Accept-Encoding' }
106 silly get cb [ 304,
106 silly get   { date: 'Thu, 25 Aug 2016 10:23:30 GMT',
106 silly get     via: '1.1 varnish',
106 silly get     'cache-control': 'max-age=300',
106 silly get     etag: '"EGTR1APXEV7TH8V3QYT0WN357"',
106 silly get     age: '0',
106 silly get     connection: 'keep-alive',
106 silly get     'x-served-by': 'cache-atl6234-ATL',
106 silly get     'x-cache': 'HIT',
106 silly get     'x-cache-hits': '1',
106 silly get     'x-timer': 'S1472120610.093781,VS0,VE208',
106 silly get     vary: 'Accept-Encoding' } ]
107 verbose etag https://registry.npmjs.org/nan from cache
108 verbose get saving nan to /Users/jruiz/.npm/registry.npmjs.org/nan/.cache.json
109 verbose correctMkdir /Users/jruiz/.npm correctMkdir not in flight; initializing
110 silly resolveWithNewModule nan@2.3.2 checking installable wso2Status
111 silly cache add args [ 'nan@2.3.2', null ]
112 verbose cache add spec nan@2.3.2
113 silly cache add parsed spec Result {
113 silly cache add   raw: 'nan@2.3.2',
113 silly cache add   scope: null,
113 silly cache add   escapedName: 'nan',
113 silly cache add   name: 'nan',
113 silly cache add   rawSpec: '2.3.2',
113 silly cache add   spec: '2.3.2',
113 silly cache add   type: 'version' }
114 silly addNamed nan@2.3.2
115 verbose addNamed "2.3.2" is a plain semver version for nan
116 silly mapToRegistry name nan
117 silly mapToRegistry using default registry
118 silly mapToRegistry registry https://registry.npmjs.org/
119 silly mapToRegistry data Result {
119 silly mapToRegistry   raw: 'nan',
119 silly mapToRegistry   scope: null,
119 silly mapToRegistry   escapedName: 'nan',
119 silly mapToRegistry   name: 'nan',
119 silly mapToRegistry   rawSpec: '',
119 silly mapToRegistry   spec: 'latest',
119 silly mapToRegistry   type: 'tag' }
120 silly mapToRegistry uri https://registry.npmjs.org/nan
121 verbose addNameVersion registry:https://registry.npmjs.org/nan not in flight; fetching
122 verbose get https://registry.npmjs.org/nan not expired, no request
123 silly cache afterAdd nan@2.3.2
124 verbose afterAdd /Users/jruiz/.npm/nan/2.3.2/package/package.json not in flight; writing
125 verbose correctMkdir /Users/jruiz/.npm correctMkdir not in flight; initializing
126 verbose afterAdd /Users/jruiz/.npm/nan/2.3.2/package/package.json written
127 silly loadAllDepsIntoIdealTree Finishing
128 silly loadIdealTree Finishing
129 silly currentTree wecare@1.0.0
129 silly currentTree ├── abab@1.0.3
129 silly currentTree ├── abbrev@1.0.9
129 silly currentTree ├── accepts@1.2.13
129 silly currentTree ├── acorn-globals@1.0.9
129 silly currentTree ├── acorn@2.7.0
129 silly currentTree ├── addressparser@1.0.1
129 silly currentTree ├── align-text@0.1.4
129 silly currentTree ├── amdefine@1.0.0
129 silly currentTree ├── angular-local-storage@0.2.7
129 silly currentTree ├── angular-resource@1.3.20
129 silly currentTree ├── angular-spinner@0.7.0
129 silly currentTree ├── ansi-regex@2.0.0
129 silly currentTree ├── ansi-styles@2.2.1
129 silly currentTree ├── aproba@1.0.4
129 silly currentTree ├── are-we-there-yet@1.1.2
129 silly currentTree ├── argparse@1.0.7
129 silly currentTree ├── array-flatten@1.1.1
129 silly currentTree ├── array-index@1.0.0
129 silly currentTree ├── asn1@0.2.3
129 silly currentTree ├── assert-plus@0.2.0
129 silly currentTree ├── async@1.5.2
129 silly currentTree ├── aws-sign2@0.6.0
129 silly currentTree ├── aws4@1.4.1
129 silly currentTree ├── balanced-match@0.4.2
129 silly currentTree ├── base64-url@1.3.2
129 silly currentTree ├── base64url@1.0.6
129 silly currentTree ├── batch@0.5.3
129 silly currentTree ├── bcrypt-nodejs@0.0.3
129 silly currentTree ├── bcryptjs@2.0.2
129 silly currentTree ├── binary@0.3.0
129 silly currentTree ├─┬ bl@1.1.2
129 silly currentTree │ ├── isarray@1.0.0
129 silly currentTree │ └── readable-stream@2.0.6
129 silly currentTree ├── block-stream@0.0.9
129 silly currentTree ├── bluebird@3.4.1
129 silly currentTree ├── body-parser@1.15.2
129 silly currentTree ├── boolbase@1.0.0
129 silly currentTree ├── boom@2.10.1
129 silly currentTree ├── brace-expansion@1.1.6
129 silly currentTree ├── bson@0.5.3
129 silly currentTree ├── buffer-crc32@0.2.1
129 silly currentTree ├── buffer-equal-constant-time@1.0.1
129 silly currentTree ├── buffer-shims@1.0.0
129 silly currentTree ├── buffers@0.1.1
129 silly currentTree ├── buildmail@3.8.0
129 silly currentTree ├── busboy@0.2.13
129 silly currentTree ├── bytes@2.4.0
129 silly currentTree ├── camelcase-keys@1.0.0
129 silly currentTree ├── camelcase@1.2.1
129 silly currentTree ├── caseless@0.11.0
129 silly currentTree ├── center-align@0.1.3
129 silly currentTree ├─┬ cfb@0.10.3
129 silly currentTree │ └── commander@2.9.0
129 silly currentTree ├── chainsaw@0.1.0
129 silly currentTree ├── chalk@1.1.3
129 silly currentTree ├─┬ cheerio@0.20.0
129 silly currentTree │ └── lodash@4.15.0
129 silly currentTree ├─┬ clean-css@1.1.7
129 silly currentTree │ └── commander@2.0.0
129 silly currentTree ├── cli-color@0.3.3
129 silly currentTree ├─┬ cliui@2.1.0
129 silly currentTree │ └── wordwrap@0.0.2
129 silly currentTree ├── code-point-at@1.0.0
129 silly currentTree ├─┬ codepage@1.3.8
129 silly currentTree │ ├── commander@2.9.0
129 silly currentTree │ ├── concat-stream@1.5.1
129 silly currentTree │ ├── isarray@1.0.0
129 silly currentTree │ └── readable-stream@2.0.6
129 silly currentTree ├── coffee-script@1.10.0
129 silly currentTree ├── colors@1.0.3
129 silly currentTree ├── combined-stream@1.0.5
129 silly currentTree ├── commander@2.9.0
129 silly currentTree ├── compressible@2.0.8
129 silly currentTree ├─┬ compression@1.4.4
129 silly currentTree │ └── bytes@1.0.0
129 silly currentTree ├── concat-map@0.0.1
129 silly currentTree ├── concat-stream@1.4.10
129 silly currentTree ├─┬ configstore@0.3.2
129 silly currentTree │ ├── minimist@0.0.8
129 silly currentTree │ ├── mkdirp@0.5.1
129 silly currentTree │ └── object-assign@2.1.1
129 silly currentTree ├── connect-flash@0.1.1
129 silly currentTree ├─┬ connect-multiparty@2.0.0
129 silly currentTree │ └── qs@4.0.0
129 silly currentTree ├── connect@3.4.1
129 silly currentTree ├── console-control-strings@1.1.0
129 silly currentTree ├── consolidate@0.14.1
129 silly currentTree ├── content-disposition@0.5.1
129 silly currentTree ├── content-type@1.0.2
129 silly currentTree ├── cookie-parser@1.4.3
129 silly currentTree ├── cookie-signature@1.0.6
129 silly currentTree ├── cookie@0.3.1
129 silly currentTree ├── core-util-is@1.0.2
129 silly currentTree ├── cors@2.7.1
129 silly currentTree ├── cross-spawn-async@2.2.4
129 silly currentTree ├── cryptiles@2.0.5
129 silly currentTree ├── css-select@1.2.0
129 silly currentTree ├── css-what@2.1.0
129 silly currentTree ├── cssom@0.3.1
129 silly currentTree ├── cssstyle@0.2.37
129 silly currentTree ├── csv@0.3.7
129 silly currentTree ├── cycle@1.0.3
129 silly currentTree ├── d@0.1.1
129 silly currentTree ├─┬ dashdash@1.14.0
129 silly currentTree │ └── assert-plus@1.0.0
129 silly currentTree ├── datauri@0.2.1
129 silly currentTree ├── debug@2.2.0
129 silly currentTree ├── decamelize@1.2.0
129 silly currentTree ├── deep-extend@0.4.1
129 silly currentTree ├── deep-is@0.1.3
129 silly currentTree ├── delayed-stream@1.0.0
129 silly currentTree ├── delegates@1.0.0
129 silly currentTree ├── depd@1.1.0
129 silly currentTree ├── deprecate@0.1.0
129 silly currentTree ├── destroy@1.0.4
129 silly currentTree ├── dicer@0.2.5
129 silly currentTree ├─┬ dom-serializer@0.1.0
129 silly currentTree │ └── domelementtype@1.1.3
129 silly currentTree ├── domelementtype@1.3.0
129 silly currentTree ├── domhandler@2.3.0
129 silly currentTree ├── domutils@1.5.1
129 silly currentTree ├── double-ended-queue@2.1.0-0
129 silly currentTree ├─┬ duplexify@3.4.5
129 silly currentTree │ ├── isarray@1.0.0
129 silly currentTree │ └── readable-stream@2.1.5
129 silly currentTree ├── ecc-jsbn@0.1.1
129 silly currentTree ├── ecdsa-sig-formatter@1.0.7
129 silly currentTree ├── ee-first@1.1.1
129 silly currentTree ├── ejs@2.5.1
129 silly currentTree ├─┬ email-templates@2.4.1
129 silly currentTree │ └── lodash@4.15.0
129 silly currentTree ├── encodeurl@1.0.1
129 silly currentTree ├── end-of-stream@1.0.0
129 silly currentTree ├── entities@1.1.1
129 silly currentTree ├── es5-ext@0.10.12
129 silly currentTree ├── es6-iterator@2.0.0
129 silly currentTree ├── es6-promise@3.2.1
129 silly currentTree ├── es6-symbol@3.1.0
129 silly currentTree ├─┬ es6-weak-map@0.1.4
129 silly currentTree │ ├── es6-iterator@0.1.3
129 silly currentTree │ └── es6-symbol@2.0.1
129 silly currentTree ├── escape-html@1.0.3
129 silly currentTree ├── escape-string-regexp@1.0.5
129 silly currentTree ├── escodegen@1.8.1
129 silly currentTree ├── esprima@2.7.2
129 silly currentTree ├── estraverse@1.9.3
129 silly currentTree ├── esutils@2.0.2
129 silly currentTree ├── etag@1.7.0
129 silly currentTree ├── event-emitter@0.3.4
129 silly currentTree ├── event-stream@0.5.3
129 silly currentTree ├─┬ express-jwt@3.0.1
129 silly currentTree │ ├── async@0.9.2
129 silly currentTree │ └── express-unless@0.0.0
129 silly currentTree ├─┬ express-session@1.0.4
129 silly currentTree │ ├── cookie-signature@1.0.3
129 silly currentTree │ ├── cookie@0.1.2
129 silly currentTree │ └── debug@0.8.1
129 silly currentTree ├── express-unless@0.1.0
129 silly currentTree ├─┬ express@4.14.0
129 silly currentTree │ ├── accepts@1.3.3
129 silly currentTree │ ├── finalhandler@0.5.0
129 silly currentTree │ ├── negotiator@0.6.1
129 silly currentTree │ └── vary@1.1.0
129 silly currentTree ├── extend@3.0.0
129 silly currentTree ├─┬ extract-zip@1.5.0
129 silly currentTree │ ├── concat-stream@1.5.0
129 silly currentTree │ ├── debug@0.7.4
129 silly currentTree │ ├── isarray@1.0.0
129 silly currentTree │ ├── minimist@0.0.8
129 silly currentTree │ ├── mkdirp@0.5.0
129 silly currentTree │ └── readable-stream@2.0.6
129 silly currentTree ├── extsprintf@1.0.2
129 silly currentTree ├── eyes@0.1.8
129 silly currentTree ├── fast-levenshtein@1.1.4
129 silly currentTree ├── fd-slicer@1.0.1
129 silly currentTree ├─┬ fileset@0.1.8
129 silly currentTree │ ├─┬ glob@3.2.11
129 silly currentTree │ │ └── minimatch@0.3.0
129 silly currentTree │ ├── lru-cache@2.7.3
129 silly currentTree │ └── minimatch@0.4.0
129 silly currentTree ├── finalhandler@0.4.1
129 silly currentTree ├── forever-agent@0.6.1
129 silly currentTree ├── form-data@1.0.0-rc4
129 silly currentTree ├── forwarded@0.1.0
129 silly currentTree ├── frac@0.3.1
129 silly currentTree ├── fresh@0.3.0
129 silly currentTree ├─┬ fs-extra@0.30.0
129 silly currentTree │ ├── graceful-fs@4.1.6
129 silly currentTree │ └── jsonfile@2.3.1
129 silly currentTree ├── fs.realpath@1.0.0
129 silly currentTree ├─┬ fstream@0.1.31
129 silly currentTree │ ├── minimist@0.0.8
129 silly currentTree │ └── mkdirp@0.5.1
129 silly currentTree ├─┬ gauge@2.6.0
129 silly currentTree │ └── object-assign@4.1.0
129 silly currentTree ├─┬ gaze@0.3.4
129 silly currentTree │ ├── lru-cache@2.7.3
129 silly currentTree │ └── minimatch@0.2.14
129 silly currentTree ├── generate-function@2.0.0
129 silly currentTree ├── generate-object-property@1.2.0
129 silly currentTree ├── get-stdin@4.0.1
129 silly currentTree ├─┬ getpass@0.1.6
129 silly currentTree │ └── assert-plus@1.0.0
129 silly currentTree ├── glob@6.0.4
129 silly currentTree ├─┬ got@3.3.1
129 silly currentTree │ └── object-assign@3.0.0
129 silly currentTree ├── graceful-fs@3.0.10
129 silly currentTree ├── graceful-readlink@1.0.1
129 silly currentTree ├── growl@1.7.0
129 silly currentTree ├── har-validator@2.0.6
129 silly currentTree ├── has-ansi@2.0.0
129 silly currentTree ├── has-color@0.1.7
129 silly currentTree ├── has-unicode@2.0.1
129 silly currentTree ├── hasha@2.2.0
129 silly currentTree ├── hawk@3.1.3
129 silly currentTree ├── hoek@2.16.3
129 silly currentTree ├── hooks@0.2.1
129 silly currentTree ├─┬ htmlparser2@3.8.3
129 silly currentTree │ └── entities@1.0.0
129 silly currentTree ├── http-errors@1.5.0
129 silly currentTree ├── http-signature@1.1.1
129 silly currentTree ├─┬ httpntlm@1.6.1
129 silly currentTree │ └── underscore@1.7.0
129 silly currentTree ├── httpreq@0.4.22
129 silly currentTree ├── iconv-lite@0.4.13
129 silly currentTree ├── indent-string@1.2.2
129 silly currentTree ├── infinity-agent@2.0.3
129 silly currentTree ├── inflight@1.0.5
129 silly currentTree ├── inherits@2.0.1
129 silly currentTree ├── ini@1.3.4
129 silly currentTree ├── ip@1.1.3
129 silly currentTree ├── ipaddr.js@1.1.1
129 silly currentTree ├── is-buffer@1.1.4
129 silly currentTree ├── is-finite@1.0.1
129 silly currentTree ├── is-fullwidth-code-point@1.0.0
129 silly currentTree ├── is-my-json-valid@2.13.1
129 silly currentTree ├── is-npm@1.0.0
129 silly currentTree ├── is-property@1.0.2
129 silly currentTree ├── is-redirect@1.0.0
129 silly currentTree ├── is-stream@1.1.0
129 silly currentTree ├── is-typedarray@1.0.0
129 silly currentTree ├── isarray@0.0.1
129 silly currentTree ├── isemail@2.2.1
129 silly currentTree ├── isexe@1.1.2
129 silly currentTree ├── isstream@0.1.2
129 silly currentTree ├── items@2.1.1
129 silly currentTree ├── jasmine-growl-reporter@0.0.3
129 silly currentTree ├── jasmine-node@1.14.5
129 silly currentTree ├── jasmine-reporters@1.0.2
129 silly currentTree ├── jodid25519@1.0.2
129 silly currentTree ├─┬ joi@9.0.4
129 silly currentTree │ └── hoek@4.0.2
129 silly currentTree ├── js-yaml@3.6.1
129 silly currentTree ├── jsbn@0.1.0
129 silly currentTree ├── jsdom@7.2.2
129 silly currentTree ├── json-schema@0.2.2
129 silly currentTree ├── json-stringify-safe@5.0.1
129 silly currentTree ├── jsonfile@2.0.1
129 silly currentTree ├── jsonpointer@2.0.0
129 silly currentTree ├── jsonwebtoken@5.0.1
129 silly currentTree ├── jsprim@1.3.0
129 silly currentTree ├── juice@2.0.0
129 silly currentTree ├── jwa@1.1.3
129 silly currentTree ├── jws@3.1.3
129 silly currentTree ├── jwt-simple@0.5.0
129 silly currentTree ├── kerberos@0.0.11
129 silly currentTree ├── kew@0.7.0
129 silly currentTree ├── kind-of@3.0.4
129 silly currentTree ├── klaw@1.3.0
129 silly currentTree ├── latest-version@1.0.1
129 silly currentTree ├── lazy-cache@1.0.4
129 silly currentTree ├── levn@0.3.0
129 silly currentTree ├── libbase64@0.1.0
129 silly currentTree ├── libmime@2.0.3
129 silly currentTree ├── libqp@1.1.0
129 silly currentTree ├── linebreak@0.1.2
129 silly currentTree ├── linerstream@0.1.4
129 silly currentTree ├── lodash@2.4.2
129 silly currentTree ├── longest@1.0.1
129 silly currentTree ├── lowercase-keys@1.0.0
129 silly currentTree ├── lru-cache@4.0.1
129 silly currentTree ├── lru-queue@0.1.0
129 silly currentTree ├── mailcomposer@3.10.0
129 silly currentTree ├── map-obj@1.0.1
129 silly currentTree ├─┬ match-stream@0.0.2
129 silly currentTree │ └── readable-stream@1.0.34
129 silly currentTree ├── media-typer@0.3.0
129 silly currentTree ├── memoizee@0.3.10
129 silly currentTree ├── meow@2.0.0
129 silly currentTree ├── merge-descriptors@1.0.1
129 silly currentTree ├─┬ method-override@1.0.2
129 silly currentTree │ └── methods@1.0.0
129 silly currentTree ├── methods@1.1.2
129 silly currentTree ├── mime-db@1.23.0
129 silly currentTree ├── mime-types@2.1.11
129 silly currentTree ├── mime@1.3.4
129 silly currentTree ├── mimer@0.2.1
129 silly currentTree ├── minimatch@3.0.3
129 silly currentTree ├── minimist@1.2.0
129 silly currentTree ├── mkdirp@0.3.5
129 silly currentTree ├── moment@2.14.1
129 silly currentTree ├─┬ mongodb@1.4.38
129 silly currentTree │ ├── bson@0.2.22
129 silly currentTree │ ├── isarray@1.0.0
129 silly currentTree │ └── readable-stream@2.1.5
129 silly currentTree ├─┬ mongoose-paginate@5.0.0
129 silly currentTree │ └── bluebird@3.0.5
129 silly currentTree ├─┬ mongoose@3.8.40
129 silly currentTree │ └── ms@0.1.0
129 silly currentTree ├─┬ morgan@1.0.1
129 silly currentTree │ └── bytes@0.3.0
129 silly currentTree ├── mpath@0.1.1
129 silly currentTree ├── mpromise@0.4.3
129 silly currentTree ├─┬ mquery@1.10.0
129 silly currentTree │ └── bluebird@2.10.2
129 silly currentTree ├── ms@0.7.1
129 silly currentTree ├─┬ multer@0.1.8
129 silly currentTree │ ├── mime-db@1.12.0
129 silly currentTree │ ├── mime-types@2.0.14
129 silly currentTree │ ├── qs@1.2.2
129 silly currentTree │ └── type-is@1.5.7
129 silly currentTree ├── multiparty@4.1.2
129 silly currentTree ├── muri@1.1.0
129 silly currentTree ├── mustache@2.0.0
129 silly currentTree ├── nan@1.8.4
129 silly currentTree ├── natives@1.0.1
129 silly currentTree ├── negotiator@0.5.3
129 silly currentTree ├── nested-error-stacks@1.0.2
129 silly currentTree ├── next-tick@0.2.2
129 silly currentTree ├─┬ node-gyp@3.4.0
129 silly currentTree │ ├── fstream@1.0.10
129 silly currentTree │ ├── glob@7.0.6
129 silly currentTree │ ├── graceful-fs@4.1.6
129 silly currentTree │ ├── minimist@0.0.8
129 silly currentTree │ ├── mkdirp@0.5.1
129 silly currentTree │ └── nopt@3.0.6
129 silly currentTree ├── node-promise@0.5.12
129 silly currentTree ├── node-uuid@1.4.7
129 silly currentTree ├── nodemailer-direct-transport@3.2.0
129 silly currentTree ├── nodemailer-fetch@1.4.0
129 silly currentTree ├── nodemailer-shared@1.0.5
129 silly currentTree ├── nodemailer-smtp-pool@2.7.0
129 silly currentTree ├── nodemailer-smtp-transport@2.6.0
129 silly currentTree ├── nodemailer-wellknown@0.1.10
129 silly currentTree ├── nodemailer@2.5.0
129 silly currentTree ├─┬ nodemon@1.3.7
129 silly currentTree │ ├── lru-cache@2.7.3
129 silly currentTree │ └── minimatch@0.3.0
129 silly currentTree ├── nopt@1.0.10
129 silly currentTree ├── npmlog@3.1.2
129 silly currentTree ├── nth-check@1.0.1
129 silly currentTree ├── number-is-nan@1.0.0
129 silly currentTree ├── nwmatcher@1.3.8
129 silly currentTree ├── oauth-sign@0.8.2
129 silly currentTree ├── oauth@0.9.14
129 silly currentTree ├── object-assign@1.0.0
129 silly currentTree ├── on-finished@2.3.0
129 silly currentTree ├── on-headers@1.0.1
129 silly currentTree ├── once@1.3.3
129 silly currentTree ├─┬ optimist@0.2.8
129 silly currentTree │ └── wordwrap@0.0.3
129 silly currentTree ├── optionator@0.8.1
129 silly currentTree ├── os-homedir@1.0.1
129 silly currentTree ├── os-tmpdir@1.0.1
129 silly currentTree ├── osenv@0.1.3
129 silly currentTree ├── over@0.0.5
129 silly currentTree ├── package-json@1.2.0
129 silly currentTree ├── parse5@1.5.1
129 silly currentTree ├── parseurl@1.3.1
129 silly currentTree ├── passport-facebook@1.0.3
129 silly currentTree ├── passport-google-oauth@0.1.5
129 silly currentTree ├── passport-jwt@2.1.0
129 silly currentTree ├── passport-local@0.1.6
129 silly currentTree ├── passport-oauth@0.1.15
129 silly currentTree ├── passport-oauth1@1.1.0
129 silly currentTree ├── passport-oauth2@1.3.0
129 silly currentTree ├── passport-strategy@1.0.0
129 silly currentTree ├── passport-twitter@1.0.4
129 silly currentTree ├── passport@0.1.18
129 silly currentTree ├── path-array@1.0.1
129 silly currentTree ├── path-is-absolute@1.0.0
129 silly currentTree ├── path-to-regexp@0.1.7
129 silly currentTree ├── pause@0.0.1
129 silly currentTree ├── pdfkit@0.7.2
129 silly currentTree ├── pend@1.2.0
129 silly currentTree ├─┬ phantom@2.1.19
129 silly currentTree │ ├── async@1.0.0
129 silly currentTree │ ├── pkginfo@0.3.1
129 silly currentTree │ └── winston@2.2.0
129 silly currentTree ├── phantomjs-prebuilt@2.1.12
129 silly currentTree ├── pinkie-promise@2.0.1
129 silly currentTree ├── pinkie@2.0.4
129 silly currentTree ├── pkginfo@0.2.3
129 silly currentTree ├── png-js@0.1.1
129 silly currentTree ├── prelude-ls@1.1.2
129 silly currentTree ├── prepend-http@1.0.4
129 silly currentTree ├── process-nextick-args@1.0.7
129 silly currentTree ├── progress@1.1.8
129 silly currentTree ├── proxy-addr@1.1.2
129 silly currentTree ├── ps-tree@0.0.3
129 silly currentTree ├── pseudomap@1.0.2
129 silly currentTree ├─┬ pullstream@0.4.1
129 silly currentTree │ └── readable-stream@1.0.34
129 silly currentTree ├── q@0.9.7
129 silly currentTree ├── qs@6.2.0
129 silly currentTree ├── range-parser@1.2.0
129 silly currentTree ├── raw-body@2.1.7
129 silly currentTree ├── rc@1.1.6
129 silly currentTree ├─┬ read-all-stream@3.1.0
129 silly currentTree │ ├── isarray@1.0.0
129 silly currentTree │ └── readable-stream@2.1.5
129 silly currentTree ├── readable-stream@1.1.14
129 silly currentTree ├── redis-commands@1.2.0
129 silly currentTree ├── redis-parser@2.0.4
129 silly currentTree ├── redis@2.6.2
129 silly currentTree ├── regexp-clone@0.0.1
129 silly currentTree ├── registry-url@3.1.0
129 silly currentTree ├── repeat-string@1.5.4
129 silly currentTree ├── repeating@1.1.3
129 silly currentTree ├── request-progress@2.0.1
129 silly currentTree ├── request@2.74.0
129 silly currentTree ├── requirejs@2.2.0
129 silly currentTree ├── response-time@2.0.1
129 silly currentTree ├── rewire@2.3.3
129 silly currentTree ├── right-align@0.1.3
129 silly currentTree ├─┬ rimraf@2.5.4
129 silly currentTree │ └── glob@7.0.5
129 silly currentTree ├── sax@1.2.1
129 silly currentTree ├── scmp@0.0.3
129 silly currentTree ├── semver-diff@2.1.0
129 silly currentTree ├── semver@5.3.0
129 silly currentTree ├── send@0.14.1
129 silly currentTree ├── serve-static@1.11.1
129 silly currentTree ├── set-blocking@2.0.0
129 silly currentTree ├── setimmediate@1.0.4
129 silly currentTree ├── setprototypeof@1.0.1
129 silly currentTree ├── sigmund@1.0.1
129 silly currentTree ├── signal-exit@3.0.0
129 silly currentTree ├── slang@0.3.0
129 silly currentTree ├─┬ slice-stream@1.0.0
129 silly currentTree │ └── readable-stream@1.0.34
129 silly currentTree ├── sliced@0.0.5
129 silly currentTree ├── slick@1.12.2
129 silly currentTree ├── smart-buffer@1.0.11
129 silly currentTree ├── smtp-connection@2.8.0
129 silly currentTree ├── sntp@1.0.9
129 silly currentTree ├── socks@1.1.9
129 silly currentTree ├── source-map@0.2.0
129 silly currentTree ├── spin.js@2.3.2
129 silly currentTree ├── sprintf-js@1.0.3
129 silly currentTree ├─┬ ssf@0.8.2
129 silly currentTree │ └── colors@0.6.2
129 silly currentTree ├─┬ sshpk@1.9.2
129 silly currentTree │ └── assert-plus@1.0.0
129 silly currentTree ├── stack-trace@0.0.9
129 silly currentTree ├── statuses@1.3.0
129 silly currentTree ├── stream-shift@1.0.0
129 silly currentTree ├── streamsearch@0.1.2
129 silly currentTree ├── string_decoder@0.10.31
129 silly currentTree ├── string-length@1.0.1
129 silly currentTree ├── string-width@1.0.2
129 silly currentTree ├── string.prototype.startswith@0.2.0
129 silly currentTree ├── stringstream@0.0.5
129 silly currentTree ├── strip-ansi@3.0.1
129 silly currentTree ├── strip-json-comments@1.0.4
129 silly currentTree ├── supports-color@2.0.0
129 silly currentTree ├── symbol-tree@3.1.4
129 silly currentTree ├─┬ tar@2.2.1
129 silly currentTree │ ├── fstream@1.0.10
129 silly currentTree │ ├── graceful-fs@4.1.6
129 silly currentTree │ ├── minimist@0.0.8
129 silly currentTree │ └── mkdirp@0.5.1
129 silly currentTree ├── templayed@0.2.3
129 silly currentTree ├── throttleit@1.0.0
129 silly currentTree ├── timed-out@2.0.0
129 silly currentTree ├── timers-ext@0.1.0
129 silly currentTree ├─┬ topo@2.0.2
129 silly currentTree │ └── hoek@4.0.2
129 silly currentTree ├── touch@0.0.4
129 silly currentTree ├── tough-cookie@2.3.1
129 silly currentTree ├── tr46@0.0.3
129 silly currentTree ├── traverse@0.3.9
129 silly currentTree ├── tunnel-agent@0.4.3
129 silly currentTree ├── tweetnacl@0.13.3
129 silly currentTree ├─┬ twilio@2.9.2
129 silly currentTree │ ├── jsonwebtoken@5.4.1
129 silly currentTree │ └── jwt-simple@0.1.0
129 silly currentTree ├── type-check@0.3.2
129 silly currentTree ├── type-is@1.6.13
129 silly currentTree ├── typedarray@0.0.6
129 silly currentTree ├─┬ uglify-js@2.7.3
129 silly currentTree │ ├── async@0.2.10
129 silly currentTree │ └── source-map@0.5.6
129 silly currentTree ├── uglify-to-browserify@1.0.2
129 silly currentTree ├── uid2@0.0.3
129 silly currentTree ├── underscore@1.8.3
129 silly currentTree ├── unicode-trie@0.1.2
129 silly currentTree ├── unpipe@1.0.0
129 silly currentTree ├─┬ unzip2@0.2.5
129 silly currentTree │ └── readable-stream@1.0.34
129 silly currentTree ├── update-notifier@0.3.2
129 silly currentTree ├── user-home@1.1.1
129 silly currentTree ├── util-deprecate@1.0.2
129 silly currentTree ├── util@0.10.3
129 silly currentTree ├── utils-merge@1.0.0
129 silly currentTree ├── uuid@2.0.2
129 silly currentTree ├── vary@1.0.1
129 silly currentTree ├── verror@1.3.6
129 silly currentTree ├── voc@0.5.0
129 silly currentTree ├── walkdir@0.0.11
129 silly currentTree ├─┬ web-resource-inliner@2.0.0
129 silly currentTree │ ├── async@0.9.2
129 silly currentTree │ ├── htmlparser2@3.9.1
129 silly currentTree │ ├── isarray@1.0.0
129 silly currentTree │ ├── lodash@3.10.1
129 silly currentTree │ └── readable-stream@2.1.5
129 silly currentTree ├── webidl-conversions@2.0.1
129 silly currentTree ├── whatwg-url-compat@0.6.5
129 silly currentTree ├── which@1.2.10
129 silly currentTree ├── wide-align@1.1.0
129 silly currentTree ├── window-size@0.1.0
129 silly currentTree ├─┬ winston@1.0.0
129 silly currentTree │ ├── async@0.9.2
129 silly currentTree │ └── pkginfo@0.3.1
129 silly currentTree ├── wkhtmltopdf@0.3.3
129 silly currentTree ├── wordwrap@1.0.0
129 silly currentTree ├── wrappy@1.0.2
129 silly currentTree ├── xdg-basedir@1.0.1
129 silly currentTree ├── xls-to-json@0.3.2
129 silly currentTree ├─┬ xlsjs@0.7.0
129 silly currentTree │ └── commander@2.9.0
129 silly currentTree ├── xml-name-validator@2.0.1
129 silly currentTree ├── xmldom@0.1.22
129 silly currentTree ├── xtend@4.0.1
129 silly currentTree ├── xtraverse@0.1.0
129 silly currentTree ├── yallist@2.0.0
129 silly currentTree ├── yargs@3.10.0
129 silly currentTree └── yauzl@2.4.1
130 silly idealTree wecare@1.0.0
130 silly idealTree ├── abab@1.0.3
130 silly idealTree ├── abbrev@1.0.9
130 silly idealTree ├── accepts@1.2.13
130 silly idealTree ├── acorn-globals@1.0.9
130 silly idealTree ├── acorn@2.7.0
130 silly idealTree ├── addressparser@1.0.1
130 silly idealTree ├── align-text@0.1.4
130 silly idealTree ├── amdefine@1.0.0
130 silly idealTree ├── angular-local-storage@0.2.7
130 silly idealTree ├── angular-resource@1.3.20
130 silly idealTree ├── angular-spinner@0.7.0
130 silly idealTree ├── ansi-regex@2.0.0
130 silly idealTree ├── ansi-styles@2.2.1
130 silly idealTree ├── aproba@1.0.4
130 silly idealTree ├── are-we-there-yet@1.1.2
130 silly idealTree ├── argparse@1.0.7
130 silly idealTree ├── array-flatten@1.1.1
130 silly idealTree ├── array-index@1.0.0
130 silly idealTree ├── asn1@0.2.3
130 silly idealTree ├── assert-plus@0.2.0
130 silly idealTree ├── async@1.5.2
130 silly idealTree ├── aws-sign2@0.6.0
130 silly idealTree ├── aws4@1.4.1
130 silly idealTree ├── balanced-match@0.4.2
130 silly idealTree ├── base64-url@1.3.2
130 silly idealTree ├── base64url@1.0.6
130 silly idealTree ├── batch@0.5.3
130 silly idealTree ├── bcrypt-nodejs@0.0.3
130 silly idealTree ├── bcryptjs@2.0.2
130 silly idealTree ├── binary@0.3.0
130 silly idealTree ├── bindings@1.2.1
130 silly idealTree ├─┬ bl@1.1.2
130 silly idealTree │ ├── isarray@1.0.0
130 silly idealTree │ └── readable-stream@2.0.6
130 silly idealTree ├── block-stream@0.0.9
130 silly idealTree ├── bluebird@3.4.1
130 silly idealTree ├── body-parser@1.15.2
130 silly idealTree ├── boolbase@1.0.0
130 silly idealTree ├── boom@2.10.1
130 silly idealTree ├── brace-expansion@1.1.6
130 silly idealTree ├── bson@0.5.3
130 silly idealTree ├── buffer-crc32@0.2.1
130 silly idealTree ├── buffer-equal-constant-time@1.0.1
130 silly idealTree ├── buffer-shims@1.0.0
130 silly idealTree ├── buffers@0.1.1
130 silly idealTree ├── buildmail@3.8.0
130 silly idealTree ├── busboy@0.2.13
130 silly idealTree ├── bytes@2.4.0
130 silly idealTree ├── camelcase-keys@1.0.0
130 silly idealTree ├── camelcase@1.2.1
130 silly idealTree ├── caseless@0.11.0
130 silly idealTree ├── center-align@0.1.3
130 silly idealTree ├─┬ cfb@0.10.3
130 silly idealTree │ └── commander@2.9.0
130 silly idealTree ├── chainsaw@0.1.0
130 silly idealTree ├── chalk@1.1.3
130 silly idealTree ├─┬ cheerio@0.20.0
130 silly idealTree │ └── lodash@4.15.0
130 silly idealTree ├─┬ clean-css@1.1.7
130 silly idealTree │ └── commander@2.0.0
130 silly idealTree ├── cli-color@0.3.3
130 silly idealTree ├─┬ cliui@2.1.0
130 silly idealTree │ └── wordwrap@0.0.2
130 silly idealTree ├── code-point-at@1.0.0
130 silly idealTree ├─┬ codepage@1.3.8
130 silly idealTree │ ├── commander@2.9.0
130 silly idealTree │ ├── concat-stream@1.5.1
130 silly idealTree │ ├── isarray@1.0.0
130 silly idealTree │ └── readable-stream@2.0.6
130 silly idealTree ├── coffee-script@1.10.0
130 silly idealTree ├── colors@1.0.3
130 silly idealTree ├── combined-stream@1.0.5
130 silly idealTree ├── commander@2.9.0
130 silly idealTree ├── compressible@2.0.8
130 silly idealTree ├─┬ compression@1.4.4
130 silly idealTree │ └── bytes@1.0.0
130 silly idealTree ├── concat-map@0.0.1
130 silly idealTree ├── concat-stream@1.4.10
130 silly idealTree ├─┬ configstore@0.3.2
130 silly idealTree │ ├── minimist@0.0.8
130 silly idealTree │ ├── mkdirp@0.5.1
130 silly idealTree │ └── object-assign@2.1.1
130 silly idealTree ├── connect-flash@0.1.1
130 silly idealTree ├─┬ connect-multiparty@2.0.0
130 silly idealTree │ └── qs@4.0.0
130 silly idealTree ├── connect@3.4.1
130 silly idealTree ├── console-control-strings@1.1.0
130 silly idealTree ├── consolidate@0.14.1
130 silly idealTree ├── content-disposition@0.5.1
130 silly idealTree ├── content-type@1.0.2
130 silly idealTree ├── cookie-parser@1.4.3
130 silly idealTree ├── cookie-signature@1.0.6
130 silly idealTree ├── cookie@0.3.1
130 silly idealTree ├── core-util-is@1.0.2
130 silly idealTree ├── cors@2.7.1
130 silly idealTree ├── cross-spawn-async@2.2.4
130 silly idealTree ├── cryptiles@2.0.5
130 silly idealTree ├── css-select@1.2.0
130 silly idealTree ├── css-what@2.1.0
130 silly idealTree ├── cssom@0.3.1
130 silly idealTree ├── cssstyle@0.2.37
130 silly idealTree ├── csv@0.3.7
130 silly idealTree ├── cycle@1.0.3
130 silly idealTree ├── d@0.1.1
130 silly idealTree ├─┬ dashdash@1.14.0
130 silly idealTree │ └── assert-plus@1.0.0
130 silly idealTree ├── datauri@0.2.1
130 silly idealTree ├── debug@2.2.0
130 silly idealTree ├── decamelize@1.2.0
130 silly idealTree ├── deep-extend@0.4.1
130 silly idealTree ├── deep-is@0.1.3
130 silly idealTree ├── delayed-stream@1.0.0
130 silly idealTree ├── delegates@1.0.0
130 silly idealTree ├── depd@1.1.0
130 silly idealTree ├── deprecate@0.1.0
130 silly idealTree ├── destroy@1.0.4
130 silly idealTree ├── dicer@0.2.5
130 silly idealTree ├─┬ dom-serializer@0.1.0
130 silly idealTree │ └── domelementtype@1.1.3
130 silly idealTree ├── domelementtype@1.3.0
130 silly idealTree ├── domhandler@2.3.0
130 silly idealTree ├── domutils@1.5.1
130 silly idealTree ├── double-ended-queue@2.1.0-0
130 silly idealTree ├─┬ duplexify@3.4.5
130 silly idealTree │ ├── isarray@1.0.0
130 silly idealTree │ └── readable-stream@2.1.5
130 silly idealTree ├── ecc-jsbn@0.1.1
130 silly idealTree ├── ecdsa-sig-formatter@1.0.7
130 silly idealTree ├── ee-first@1.1.1
130 silly idealTree ├── ejs@2.5.1
130 silly idealTree ├─┬ email-templates@2.4.1
130 silly idealTree │ └── lodash@4.15.0
130 silly idealTree ├── encodeurl@1.0.1
130 silly idealTree ├── end-of-stream@1.0.0
130 silly idealTree ├── entities@1.1.1
130 silly idealTree ├── es5-ext@0.10.12
130 silly idealTree ├── es6-iterator@2.0.0
130 silly idealTree ├── es6-promise@3.2.1
130 silly idealTree ├── es6-symbol@3.1.0
130 silly idealTree ├─┬ es6-weak-map@0.1.4
130 silly idealTree │ ├── es6-iterator@0.1.3
130 silly idealTree │ └── es6-symbol@2.0.1
130 silly idealTree ├── escape-html@1.0.3
130 silly idealTree ├── escape-string-regexp@1.0.5
130 silly idealTree ├── escodegen@1.8.1
130 silly idealTree ├── esprima@2.7.2
130 silly idealTree ├── estraverse@1.9.3
130 silly idealTree ├── esutils@2.0.2
130 silly idealTree ├── etag@1.7.0
130 silly idealTree ├── event-emitter@0.3.4
130 silly idealTree ├── event-stream@0.5.3
130 silly idealTree ├─┬ express-jwt@3.0.1
130 silly idealTree │ ├── async@0.9.2
130 silly idealTree │ └── express-unless@0.0.0
130 silly idealTree ├─┬ express-session@1.0.4
130 silly idealTree │ ├── cookie-signature@1.0.3
130 silly idealTree │ ├── cookie@0.1.2
130 silly idealTree │ └── debug@0.8.1
130 silly idealTree ├── express-unless@0.1.0
130 silly idealTree ├─┬ express@4.14.0
130 silly idealTree │ ├── accepts@1.3.3
130 silly idealTree │ ├── finalhandler@0.5.0
130 silly idealTree │ ├── negotiator@0.6.1
130 silly idealTree │ └── vary@1.1.0
130 silly idealTree ├── extend@3.0.0
130 silly idealTree ├─┬ extract-zip@1.5.0
130 silly idealTree │ ├── concat-stream@1.5.0
130 silly idealTree │ ├── debug@0.7.4
130 silly idealTree │ ├── isarray@1.0.0
130 silly idealTree │ ├── minimist@0.0.8
130 silly idealTree │ ├── mkdirp@0.5.0
130 silly idealTree │ └── readable-stream@2.0.6
130 silly idealTree ├── extsprintf@1.0.2
130 silly idealTree ├── eyes@0.1.8
130 silly idealTree ├── fast-levenshtein@1.1.4
130 silly idealTree ├── fd-slicer@1.0.1
130 silly idealTree ├─┬ fileset@0.1.8
130 silly idealTree │ ├─┬ glob@3.2.11
130 silly idealTree │ │ └── minimatch@0.3.0
130 silly idealTree │ ├── lru-cache@2.7.3
130 silly idealTree │ └── minimatch@0.4.0
130 silly idealTree ├── finalhandler@0.4.1
130 silly idealTree ├── forever-agent@0.6.1
130 silly idealTree ├── form-data@1.0.0-rc4
130 silly idealTree ├── forwarded@0.1.0
130 silly idealTree ├── frac@0.3.1
130 silly idealTree ├── fresh@0.3.0
130 silly idealTree ├─┬ fs-extra@0.30.0
130 silly idealTree │ ├── graceful-fs@4.1.6
130 silly idealTree │ └── jsonfile@2.3.1
130 silly idealTree ├── fs.realpath@1.0.0
130 silly idealTree ├─┬ fstream@0.1.31
130 silly idealTree │ ├── minimist@0.0.8
130 silly idealTree │ └── mkdirp@0.5.1
130 silly idealTree ├─┬ gauge@2.6.0
130 silly idealTree │ └── object-assign@4.1.0
130 silly idealTree ├─┬ gaze@0.3.4
130 silly idealTree │ ├── lru-cache@2.7.3
130 silly idealTree │ └── minimatch@0.2.14
130 silly idealTree ├── generate-function@2.0.0
130 silly idealTree ├── generate-object-property@1.2.0
130 silly idealTree ├── get-stdin@4.0.1
130 silly idealTree ├─┬ getpass@0.1.6
130 silly idealTree │ └── assert-plus@1.0.0
130 silly idealTree ├── glob@6.0.4
130 silly idealTree ├─┬ got@3.3.1
130 silly idealTree │ └── object-assign@3.0.0
130 silly idealTree ├── graceful-fs@3.0.10
130 silly idealTree ├── graceful-readlink@1.0.1
130 silly idealTree ├── growl@1.7.0
130 silly idealTree ├── har-validator@2.0.6
130 silly idealTree ├── has-ansi@2.0.0
130 silly idealTree ├── has-color@0.1.7
130 silly idealTree ├── has-unicode@2.0.1
130 silly idealTree ├── hasha@2.2.0
130 silly idealTree ├── hawk@3.1.3
130 silly idealTree ├── hoek@2.16.3
130 silly idealTree ├── hooks@0.2.1
130 silly idealTree ├─┬ htmlparser2@3.8.3
130 silly idealTree │ └── entities@1.0.0
130 silly idealTree ├── http-errors@1.5.0
130 silly idealTree ├── http-signature@1.1.1
130 silly idealTree ├─┬ httpntlm@1.6.1
130 silly idealTree │ └── underscore@1.7.0
130 silly idealTree ├── httpreq@0.4.22
130 silly idealTree ├── iconv-lite@0.4.13
130 silly idealTree ├── indent-string@1.2.2
130 silly idealTree ├── infinity-agent@2.0.3
130 silly idealTree ├── inflight@1.0.5
130 silly idealTree ├── inherits@2.0.1
130 silly idealTree ├── ini@1.3.4
130 silly idealTree ├── ip@1.1.3
130 silly idealTree ├── ipaddr.js@1.1.1
130 silly idealTree ├── is-buffer@1.1.4
130 silly idealTree ├── is-finite@1.0.1
130 silly idealTree ├── is-fullwidth-code-point@1.0.0
130 silly idealTree ├── is-my-json-valid@2.13.1
130 silly idealTree ├── is-npm@1.0.0
130 silly idealTree ├── is-property@1.0.2
130 silly idealTree ├── is-redirect@1.0.0
130 silly idealTree ├── is-stream@1.1.0
130 silly idealTree ├── is-typedarray@1.0.0
130 silly idealTree ├── isarray@0.0.1
130 silly idealTree ├── isemail@2.2.1
130 silly idealTree ├── isexe@1.1.2
130 silly idealTree ├── isstream@0.1.2
130 silly idealTree ├── items@2.1.1
130 silly idealTree ├── jasmine-growl-reporter@0.0.3
130 silly idealTree ├── jasmine-node@1.14.5
130 silly idealTree ├── jasmine-reporters@1.0.2
130 silly idealTree ├── jodid25519@1.0.2
130 silly idealTree ├─┬ joi@9.0.4
130 silly idealTree │ └── hoek@4.0.2
130 silly idealTree ├── js-yaml@3.6.1
130 silly idealTree ├── jsbn@0.1.0
130 silly idealTree ├── jsdom@7.2.2
130 silly idealTree ├── json-schema@0.2.2
130 silly idealTree ├── json-stringify-safe@5.0.1
130 silly idealTree ├── jsonfile@2.0.1
130 silly idealTree ├── jsonpointer@2.0.0
130 silly idealTree ├── jsonwebtoken@5.0.1
130 silly idealTree ├── jsprim@1.3.0
130 silly idealTree ├── juice@2.0.0
130 silly idealTree ├── jwa@1.1.3
130 silly idealTree ├── jws@3.1.3
130 silly idealTree ├── jwt-simple@0.5.0
130 silly idealTree ├── kerberos@0.0.11
130 silly idealTree ├── kew@0.7.0
130 silly idealTree ├── kind-of@3.0.4
130 silly idealTree ├── klaw@1.3.0
130 silly idealTree ├── latest-version@1.0.1
130 silly idealTree ├── lazy-cache@1.0.4
130 silly idealTree ├── levn@0.3.0
130 silly idealTree ├── libbase64@0.1.0
130 silly idealTree ├── libmime@2.0.3
130 silly idealTree ├── libqp@1.1.0
130 silly idealTree ├─┬ libxmljs@0.18.0
130 silly idealTree │ └── nan@2.3.2
130 silly idealTree ├── linebreak@0.1.2
130 silly idealTree ├── linerstream@0.1.4
130 silly idealTree ├── lodash@2.4.2
130 silly idealTree ├── longest@1.0.1
130 silly idealTree ├── lowercase-keys@1.0.0
130 silly idealTree ├── lru-cache@4.0.1
130 silly idealTree ├── lru-queue@0.1.0
130 silly idealTree ├── mailcomposer@3.10.0
130 silly idealTree ├── map-obj@1.0.1
130 silly idealTree ├─┬ match-stream@0.0.2
130 silly idealTree │ └── readable-stream@1.0.34
130 silly idealTree ├── media-typer@0.3.0
130 silly idealTree ├── memoizee@0.3.10
130 silly idealTree ├── meow@2.0.0
130 silly idealTree ├── merge-descriptors@1.0.1
130 silly idealTree ├─┬ method-override@1.0.2
130 silly idealTree │ └── methods@1.0.0
130 silly idealTree ├── methods@1.1.2
130 silly idealTree ├── mime-db@1.23.0
130 silly idealTree ├── mime-types@2.1.11
130 silly idealTree ├── mime@1.3.4
130 silly idealTree ├── mimer@0.2.1
130 silly idealTree ├── minimatch@3.0.3
130 silly idealTree ├── minimist@1.2.0
130 silly idealTree ├── mkdirp@0.3.5
130 silly idealTree ├── moment@2.14.1
130 silly idealTree ├─┬ mongodb@1.4.38
130 silly idealTree │ ├── bson@0.2.22
130 silly idealTree │ ├── isarray@1.0.0
130 silly idealTree │ └── readable-stream@2.1.5
130 silly idealTree ├─┬ mongoose-paginate@5.0.0
130 silly idealTree │ └── bluebird@3.0.5
130 silly idealTree ├─┬ mongoose@3.8.40
130 silly idealTree │ └── ms@0.1.0
130 silly idealTree ├─┬ morgan@1.0.1
130 silly idealTree │ └── bytes@0.3.0
130 silly idealTree ├── mpath@0.1.1
130 silly idealTree ├── mpromise@0.4.3
130 silly idealTree ├─┬ mquery@1.10.0
130 silly idealTree │ └── bluebird@2.10.2
130 silly idealTree ├── ms@0.7.1
130 silly idealTree ├─┬ multer@0.1.8
130 silly idealTree │ ├── mime-db@1.12.0
130 silly idealTree │ ├── mime-types@2.0.14
130 silly idealTree │ ├── qs@1.2.2
130 silly idealTree │ └── type-is@1.5.7
130 silly idealTree ├── multiparty@4.1.2
130 silly idealTree ├── muri@1.1.0
130 silly idealTree ├── mustache@2.0.0
130 silly idealTree ├── nan@1.8.4
130 silly idealTree ├── natives@1.0.1
130 silly idealTree ├── negotiator@0.5.3
130 silly idealTree ├── nested-error-stacks@1.0.2
130 silly idealTree ├── next-tick@0.2.2
130 silly idealTree ├─┬ node-gyp@3.4.0
130 silly idealTree │ ├── fstream@1.0.10
130 silly idealTree │ ├── glob@7.0.6
130 silly idealTree │ ├── graceful-fs@4.1.6
130 silly idealTree │ ├── minimist@0.0.8
130 silly idealTree │ ├── mkdirp@0.5.1
130 silly idealTree │ └── nopt@3.0.6
130 silly idealTree ├── node-promise@0.5.12
130 silly idealTree ├── node-uuid@1.4.7
130 silly idealTree ├── nodemailer-direct-transport@3.2.0
130 silly idealTree ├── nodemailer-fetch@1.4.0
130 silly idealTree ├── nodemailer-shared@1.0.5
130 silly idealTree ├── nodemailer-smtp-pool@2.7.0
130 silly idealTree ├── nodemailer-smtp-transport@2.6.0
130 silly idealTree ├── nodemailer-wellknown@0.1.10
130 silly idealTree ├── nodemailer@2.5.0
130 silly idealTree ├─┬ nodemon@1.3.7
130 silly idealTree │ ├── lru-cache@2.7.3
130 silly idealTree │ └── minimatch@0.3.0
130 silly idealTree ├── nopt@1.0.10
130 silly idealTree ├── npmlog@3.1.2
130 silly idealTree ├── nth-check@1.0.1
130 silly idealTree ├── number-is-nan@1.0.0
130 silly idealTree ├── nwmatcher@1.3.8
130 silly idealTree ├── oauth-sign@0.8.2
130 silly idealTree ├── oauth@0.9.14
130 silly idealTree ├── object-assign@1.0.0
130 silly idealTree ├── on-finished@2.3.0
130 silly idealTree ├── on-headers@1.0.1
130 silly idealTree ├── once@1.3.3
130 silly idealTree ├─┬ optimist@0.2.8
130 silly idealTree │ └── wordwrap@0.0.3
130 silly idealTree ├── optionator@0.8.1
130 silly idealTree ├── os-homedir@1.0.1
130 silly idealTree ├── os-tmpdir@1.0.1
130 silly idealTree ├── osenv@0.1.3
130 silly idealTree ├── over@0.0.5
130 silly idealTree ├── package-json@1.2.0
130 silly idealTree ├── parse5@1.5.1
130 silly idealTree ├── parseurl@1.3.1
130 silly idealTree ├── passport-facebook@1.0.3
130 silly idealTree ├── passport-google-oauth@0.1.5
130 silly idealTree ├── passport-jwt@2.1.0
130 silly idealTree ├── passport-local@0.1.6
130 silly idealTree ├── passport-oauth@0.1.15
130 silly idealTree ├── passport-oauth1@1.1.0
130 silly idealTree ├── passport-oauth2@1.3.0
130 silly idealTree ├── passport-strategy@1.0.0
130 silly idealTree ├── passport-twitter@1.0.4
130 silly idealTree ├── passport@0.1.18
130 silly idealTree ├── path-array@1.0.1
130 silly idealTree ├── path-is-absolute@1.0.0
130 silly idealTree ├── path-to-regexp@0.1.7
130 silly idealTree ├── pause@0.0.1
130 silly idealTree ├── pdfkit@0.7.2
130 silly idealTree ├── pend@1.2.0
130 silly idealTree ├─┬ phantom@2.1.19
130 silly idealTree │ ├── async@1.0.0
130 silly idealTree │ ├── pkginfo@0.3.1
130 silly idealTree │ └── winston@2.2.0
130 silly idealTree ├── phantomjs-prebuilt@2.1.12
130 silly idealTree ├── pinkie-promise@2.0.1
130 silly idealTree ├── pinkie@2.0.4
130 silly idealTree ├── pkginfo@0.2.3
130 silly idealTree ├── png-js@0.1.1
130 silly idealTree ├── prelude-ls@1.1.2
130 silly idealTree ├── prepend-http@1.0.4
130 silly idealTree ├── process-nextick-args@1.0.7
130 silly idealTree ├── progress@1.1.8
130 silly idealTree ├── proxy-addr@1.1.2
130 silly idealTree ├── ps-tree@0.0.3
130 silly idealTree ├── pseudomap@1.0.2
130 silly idealTree ├─┬ pullstream@0.4.1
130 silly idealTree │ └── readable-stream@1.0.34
130 silly idealTree ├── q@0.9.7
130 silly idealTree ├── qs@6.2.0
130 silly idealTree ├── range-parser@1.2.0
130 silly idealTree ├── raw-body@2.1.7
130 silly idealTree ├── rc@1.1.6
130 silly idealTree ├─┬ read-all-stream@3.1.0
130 silly idealTree │ ├── isarray@1.0.0
130 silly idealTree │ └── readable-stream@2.1.5
130 silly idealTree ├── readable-stream@1.1.14
130 silly idealTree ├── redis-commands@1.2.0
130 silly idealTree ├── redis-parser@2.0.4
130 silly idealTree ├── redis@2.6.2
130 silly idealTree ├── regexp-clone@0.0.1
130 silly idealTree ├── registry-url@3.1.0
130 silly idealTree ├── repeat-string@1.5.4
130 silly idealTree ├── repeating@1.1.3
130 silly idealTree ├── request-progress@2.0.1
130 silly idealTree ├── request@2.74.0
130 silly idealTree ├── requirejs@2.2.0
130 silly idealTree ├── response-time@2.0.1
130 silly idealTree ├── rewire@2.3.3
130 silly idealTree ├── right-align@0.1.3
130 silly idealTree ├─┬ rimraf@2.5.4
130 silly idealTree │ └── glob@7.0.5
130 silly idealTree ├── sax@1.2.1
130 silly idealTree ├── scmp@0.0.3
130 silly idealTree ├── semver-diff@2.1.0
130 silly idealTree ├── semver@5.3.0
130 silly idealTree ├── send@0.14.1
130 silly idealTree ├── serve-static@1.11.1
130 silly idealTree ├── set-blocking@2.0.0
130 silly idealTree ├── setimmediate@1.0.4
130 silly idealTree ├── setprototypeof@1.0.1
130 silly idealTree ├── sigmund@1.0.1
130 silly idealTree ├── signal-exit@3.0.0
130 silly idealTree ├── slang@0.3.0
130 silly idealTree ├─┬ slice-stream@1.0.0
130 silly idealTree │ └── readable-stream@1.0.34
130 silly idealTree ├── sliced@0.0.5
130 silly idealTree ├── slick@1.12.2
130 silly idealTree ├── smart-buffer@1.0.11
130 silly idealTree ├── smtp-connection@2.8.0
130 silly idealTree ├── sntp@1.0.9
130 silly idealTree ├── socks@1.1.9
130 silly idealTree ├── source-map@0.2.0
130 silly idealTree ├── spin.js@2.3.2
130 silly idealTree ├── sprintf-js@1.0.3
130 silly idealTree ├─┬ ssf@0.8.2
130 silly idealTree │ └── colors@0.6.2
130 silly idealTree ├─┬ sshpk@1.9.2
130 silly idealTree │ └── assert-plus@1.0.0
130 silly idealTree ├── stack-trace@0.0.9
130 silly idealTree ├── statuses@1.3.0
130 silly idealTree ├── stream-shift@1.0.0
130 silly idealTree ├── streamsearch@0.1.2
130 silly idealTree ├── string_decoder@0.10.31
130 silly idealTree ├── string-length@1.0.1
130 silly idealTree ├── string-width@1.0.2
130 silly idealTree ├── string.prototype.startswith@0.2.0
130 silly idealTree ├── stringstream@0.0.5
130 silly idealTree ├── strip-ansi@3.0.1
130 silly idealTree ├── strip-json-comments@1.0.4
130 silly idealTree ├── supports-color@2.0.0
130 silly idealTree ├── symbol-tree@3.1.4
130 silly idealTree ├─┬ tar@2.2.1
130 silly idealTree │ ├── fstream@1.0.10
130 silly idealTree │ ├── graceful-fs@4.1.6
130 silly idealTree │ ├── minimist@0.0.8
130 silly idealTree │ └── mkdirp@0.5.1
130 silly idealTree ├── templayed@0.2.3
130 silly idealTree ├── throttleit@1.0.0
130 silly idealTree ├── timed-out@2.0.0
130 silly idealTree ├── timers-ext@0.1.0
130 silly idealTree ├─┬ topo@2.0.2
130 silly idealTree │ └── hoek@4.0.2
130 silly idealTree ├── touch@0.0.4
130 silly idealTree ├── tough-cookie@2.3.1
130 silly idealTree ├── tr46@0.0.3
130 silly idealTree ├── traverse@0.3.9
130 silly idealTree ├── tunnel-agent@0.4.3
130 silly idealTree ├── tweetnacl@0.13.3
130 silly idealTree ├─┬ twilio@2.9.2
130 silly idealTree │ ├── jsonwebtoken@5.4.1
130 silly idealTree │ └── jwt-simple@0.1.0
130 silly idealTree ├── type-check@0.3.2
130 silly idealTree ├── type-is@1.6.13
130 silly idealTree ├── typedarray@0.0.6
130 silly idealTree ├─┬ uglify-js@2.7.3
130 silly idealTree │ ├── async@0.2.10
130 silly idealTree │ └── source-map@0.5.6
130 silly idealTree ├── uglify-to-browserify@1.0.2
130 silly idealTree ├── uid2@0.0.3
130 silly idealTree ├── underscore@1.8.3
130 silly idealTree ├── unicode-trie@0.1.2
130 silly idealTree ├── unpipe@1.0.0
130 silly idealTree ├─┬ unzip2@0.2.5
130 silly idealTree │ └── readable-stream@1.0.34
130 silly idealTree ├── update-notifier@0.3.2
130 silly idealTree ├── user-home@1.1.1
130 silly idealTree ├── util-deprecate@1.0.2
130 silly idealTree ├── util@0.10.3
130 silly idealTree ├── utils-merge@1.0.0
130 silly idealTree ├── uuid@2.0.2
130 silly idealTree ├── vary@1.0.1
130 silly idealTree ├── verror@1.3.6
130 silly idealTree ├── voc@0.5.0
130 silly idealTree ├── walkdir@0.0.11
130 silly idealTree ├─┬ web-resource-inliner@2.0.0
130 silly idealTree │ ├── async@0.9.2
130 silly idealTree │ ├── htmlparser2@3.9.1
130 silly idealTree │ ├── isarray@1.0.0
130 silly idealTree │ ├── lodash@3.10.1
130 silly idealTree │ └── readable-stream@2.1.5
130 silly idealTree ├── webidl-conversions@2.0.1
130 silly idealTree ├── whatwg-url-compat@0.6.5
130 silly idealTree ├── which@1.2.10
130 silly idealTree ├── wide-align@1.1.0
130 silly idealTree ├── window-size@0.1.0
130 silly idealTree ├─┬ winston@1.0.0
130 silly idealTree │ ├── async@0.9.2
130 silly idealTree │ └── pkginfo@0.3.1
130 silly idealTree ├── wkhtmltopdf@0.3.3
130 silly idealTree ├── wordwrap@1.0.0
130 silly idealTree ├── wrappy@1.0.2
130 silly idealTree ├── xdg-basedir@1.0.1
130 silly idealTree ├── xls-to-json@0.3.2
130 silly idealTree ├─┬ xlsjs@0.7.0
130 silly idealTree │ └── commander@2.9.0
130 silly idealTree ├── xml-name-validator@2.0.1
130 silly idealTree ├── xmldom@0.1.22
130 silly idealTree ├── xtend@4.0.1
130 silly idealTree ├── xtraverse@0.1.0
130 silly idealTree ├── yallist@2.0.0
130 silly idealTree ├── yargs@3.10.0
130 silly idealTree └── yauzl@2.4.1
131 silly generateActionsToTake Starting
132 silly install generateActionsToTake
133 silly generateActionsToTake Finishing
134 silly diffTrees action count 3
135 silly diffTrees add bindings@1.2.1
136 silly diffTrees add nan@2.3.2
137 silly diffTrees add libxmljs@0.18.0
138 silly decomposeActions action count 24
139 silly decomposeActions fetch bindings@1.2.1
140 silly decomposeActions extract bindings@1.2.1
141 silly decomposeActions test bindings@1.2.1
142 silly decomposeActions preinstall bindings@1.2.1
143 silly decomposeActions build bindings@1.2.1
144 silly decomposeActions install bindings@1.2.1
145 silly decomposeActions postinstall bindings@1.2.1
146 silly decomposeActions finalize bindings@1.2.1
147 silly decomposeActions fetch nan@2.3.2
148 silly decomposeActions extract nan@2.3.2
149 silly decomposeActions test nan@2.3.2
150 silly decomposeActions preinstall nan@2.3.2
151 silly decomposeActions build nan@2.3.2
152 silly decomposeActions install nan@2.3.2
153 silly decomposeActions postinstall nan@2.3.2
154 silly decomposeActions finalize nan@2.3.2
155 silly decomposeActions fetch libxmljs@0.18.0
156 silly decomposeActions extract libxmljs@0.18.0
157 silly decomposeActions test libxmljs@0.18.0
158 silly decomposeActions preinstall libxmljs@0.18.0
159 silly decomposeActions build libxmljs@0.18.0
160 silly decomposeActions install libxmljs@0.18.0
161 silly decomposeActions postinstall libxmljs@0.18.0
162 silly decomposeActions finalize libxmljs@0.18.0
163 silly executeActions Starting
164 silly install executeActions
165 silly doSerial global-install 0
166 silly doParallel fetch 3
167 verbose correctMkdir /Users/jruiz/.npm/_locks correctMkdir not in flight; initializing
168 verbose lock using /Users/jruiz/.npm/_locks/staging-78575dc1dc1fe044.lock for /Users/jruiz/Workspace/wecare/node_modules/.staging
169 silly doParallel extract 3
170 silly extract bindings@1.2.1
171 silly extract nan@2.3.2
172 silly extract libxmljs@0.18.0
173 verbose unbuild node_modules/.staging/bindings-b6e186e3
174 verbose unbuild node_modules/.staging/nan-4c07feb3
175 verbose unbuild node_modules/.staging/libxmljs-151ba7ed
176 silly gentlyRm /Users/jruiz/Workspace/wecare/node_modules/.staging/bindings-b6e186e3 is being purged from base /Users/jruiz/Workspace/wecare
177 verbose gentlyRm don't care about contents; nuking /Users/jruiz/Workspace/wecare/node_modules/.staging/bindings-b6e186e3
178 silly gentlyRm /Users/jruiz/Workspace/wecare/node_modules/.staging/nan-4c07feb3 is being purged from base /Users/jruiz/Workspace/wecare
179 verbose gentlyRm don't care about contents; nuking /Users/jruiz/Workspace/wecare/node_modules/.staging/nan-4c07feb3
180 verbose tar unpack /Users/jruiz/.npm/bindings/1.2.1/package.tgz
181 verbose tar unpacking to /Users/jruiz/Workspace/wecare/node_modules/.staging/bindings-b6e186e3
182 silly gentlyRm /Users/jruiz/Workspace/wecare/node_modules/.staging/bindings-b6e186e3 is being purged
183 verbose gentlyRm don't care about contents; nuking /Users/jruiz/Workspace/wecare/node_modules/.staging/bindings-b6e186e3
184 verbose tar unpack /Users/jruiz/.npm/nan/2.3.2/package.tgz
185 verbose tar unpacking to /Users/jruiz/Workspace/wecare/node_modules/.staging/nan-4c07feb3
186 silly gentlyRm /Users/jruiz/Workspace/wecare/node_modules/.staging/nan-4c07feb3 is being purged
187 verbose gentlyRm don't care about contents; nuking /Users/jruiz/Workspace/wecare/node_modules/.staging/nan-4c07feb3
188 silly gentlyRm /Users/jruiz/Workspace/wecare/node_modules/.staging/libxmljs-151ba7ed is being purged from base /Users/jruiz/Workspace/wecare
189 verbose gentlyRm don't care about contents; nuking /Users/jruiz/Workspace/wecare/node_modules/.staging/libxmljs-151ba7ed
190 silly gunzTarPerm modes [ '755', '644' ]
191 silly gunzTarPerm modes [ '755', '644' ]
192 verbose tar unpack /Users/jruiz/.npm/libxmljs/0.18.0/package.tgz
193 verbose tar unpacking to /Users/jruiz/Workspace/wecare/node_modules/.staging/libxmljs-151ba7ed
194 silly gentlyRm /Users/jruiz/Workspace/wecare/node_modules/.staging/libxmljs-151ba7ed is being purged
195 verbose gentlyRm don't care about contents; nuking /Users/jruiz/Workspace/wecare/node_modules/.staging/libxmljs-151ba7ed
196 silly gunzTarPerm modes [ '755', '644' ]
197 silly gunzTarPerm extractEntry package.json
198 silly gunzTarPerm extractEntry package.json
199 silly gunzTarPerm modified mode [ 'package.json', 436, 420 ]
200 silly gunzTarPerm extractEntry package.json
201 silly gunzTarPerm extractEntry README.md
202 silly gunzTarPerm extractEntry bindings.js
203 silly gunzTarPerm extractEntry README.md
204 silly gunzTarPerm modified mode [ 'README.md', 436, 420 ]
205 silly gunzTarPerm extractEntry include_dirs.js
206 silly gunzTarPerm modified mode [ 'include_dirs.js', 436, 420 ]
207 silly gunzTarPerm extractEntry .npmignore
208 silly gunzTarPerm extractEntry README.md
209 silly gunzTarPerm extractEntry LICENSE
210 silly gunzTarPerm extractEntry index.js
211 silly gunzTarPerm extractEntry nan_converters.h
212 silly gunzTarPerm modified mode [ 'nan_converters.h', 436, 420 ]
213 silly gunzTarPerm extractEntry LICENSE.md
214 silly gunzTarPerm modified mode [ 'LICENSE.md', 436, 420 ]
215 silly gunzTarPerm extractEntry doc/node_misc.md
216 silly gunzTarPerm modified mode [ 'doc/node_misc.md', 436, 420 ]
217 silly gunzTarPerm extractEntry doc/asyncworker.md
218 silly gunzTarPerm modified mode [ 'doc/asyncworker.md', 436, 420 ]
219 silly gunzTarPerm extractEntry examples/cdata.js
220 silly gunzTarPerm extractEntry binding.gyp
221 silly gunzTarPerm extractEntry doc/callback.md
222 silly gunzTarPerm modified mode [ 'doc/callback.md', 436, 420 ]
223 silly gunzTarPerm extractEntry doc/converters.md
224 silly gunzTarPerm modified mode [ 'doc/converters.md', 436, 420 ]
225 silly gunzTarPerm extractEntry Makefile
226 silly gunzTarPerm extractEntry lib/bindings.js
227 silly gunzTarPerm extractEntry doc/errors.md
228 silly gunzTarPerm modified mode [ 'doc/errors.md', 436, 420 ]
229 silly gunzTarPerm extractEntry doc/maybe_types.md
230 silly gunzTarPerm modified mode [ 'doc/maybe_types.md', 436, 420 ]
231 silly gunzTarPerm extractEntry lib/comment.js
232 silly gunzTarPerm extractEntry lib/document.js
233 silly gunzTarPerm extractEntry doc/methods.md
234 silly gunzTarPerm modified mode [ 'doc/methods.md', 436, 420 ]
235 silly gunzTarPerm extractEntry doc/new.md
236 silly gunzTarPerm modified mode [ 'doc/new.md', 436, 420 ]
237 silly gentlyRm /Users/jruiz/Workspace/wecare/node_modules/.staging/bindings-b6e186e3/node_modules is being purged
238 verbose gentlyRm don't care about contents; nuking /Users/jruiz/Workspace/wecare/node_modules/.staging/bindings-b6e186e3/node_modules
239 silly gunzTarPerm extractEntry lib/element.js
240 silly gunzTarPerm extractEntry doc/buffers.md
241 silly gunzTarPerm modified mode [ 'doc/buffers.md', 436, 420 ]
242 silly gunzTarPerm extractEntry doc/object_wrappers.md
243 silly gunzTarPerm modified mode [ 'doc/object_wrappers.md', 436, 420 ]
244 silly gunzTarPerm extractEntry lib/sax_parser.js
245 silly gunzTarPerm extractEntry lib/text.js
246 silly gunzTarPerm extractEntry doc/persistent.md
247 silly gunzTarPerm modified mode [ 'doc/persistent.md', 436, 420 ]
248 silly gunzTarPerm extractEntry doc/scopes.md
249 silly gunzTarPerm modified mode [ 'doc/scopes.md', 436, 420 ]
250 silly gunzTarPerm extractEntry test/attribute.js
251 silly gunzTarPerm extractEntry test/html_parser.js
252 silly gunzTarPerm extractEntry test/main.js
253 silly gunzTarPerm extractEntry test/memory_management.js
254 silly gunzTarPerm extractEntry doc/script.md
255 silly gunzTarPerm modified mode [ 'doc/script.md', 436, 420 ]
256 silly gunzTarPerm extractEntry test/xml_sax_parser.js
257 silly gunzTarPerm extractEntry test/comment.js
258 silly gunzTarPerm extractEntry doc/string_bytes.md
259 silly gunzTarPerm modified mode [ 'doc/string_bytes.md', 436, 420 ]
260 silly gunzTarPerm extractEntry doc/v8_internals.md
261 silly gunzTarPerm modified mode [ 'doc/v8_internals.md', 436, 420 ]
262 silly gunzTarPerm extractEntry doc/v8_misc.md
263 silly gunzTarPerm modified mode [ 'doc/v8_misc.md', 436, 420 ]
264 silly gunzTarPerm extractEntry nan.h
265 silly gunzTarPerm modified mode [ 'nan.h', 436, 420 ]
266 silly gunzTarPerm extractEntry test/ref_integrity.js
267 silly gunzTarPerm extractEntry test/searching.js
268 silly gunzTarPerm extractEntry test/text.js
269 silly gunzTarPerm extractEntry test/text_node.js
270 silly gunzTarPerm extractEntry nan_callbacks.h
271 silly gunzTarPerm modified mode [ 'nan_callbacks.h', 436, 420 ]
272 silly gunzTarPerm extractEntry nan_callbacks_12_inl.h
273 silly gunzTarPerm modified mode [ 'nan_callbacks_12_inl.h', 436, 420 ]
274 silly gunzTarPerm extractEntry nan_callbacks_pre_12_inl.h
275 silly gunzTarPerm modified mode [ 'nan_callbacks_pre_12_inl.h', 436, 420 ]
276 silly gunzTarPerm extractEntry nan_converters_43_inl.h
277 silly gunzTarPerm modified mode [ 'nan_converters_43_inl.h', 436, 420 ]
278 silly gunzTarPerm extractEntry test/element.js
279 silly gunzTarPerm extractEntry test/traversal.js
280 silly gunzTarPerm extractEntry nan_converters_pre_43_inl.h
281 silly gunzTarPerm modified mode [ 'nan_converters_pre_43_inl.h', 436, 420 ]
282 silly gunzTarPerm extractEntry nan_implementation_12_inl.h
283 silly gunzTarPerm modified mode [ 'nan_implementation_12_inl.h', 436, 420 ]
284 silly gunzTarPerm extractEntry nan_implementation_pre_12_inl.h
285 silly gunzTarPerm modified mode [ 'nan_implementation_pre_12_inl.h', 436, 420 ]
286 silly gunzTarPerm extractEntry nan_maybe_43_inl.h
287 silly gunzTarPerm modified mode [ 'nan_maybe_43_inl.h', 436, 420 ]
288 silly gunzTarPerm extractEntry test/document.js
289 silly gunzTarPerm extractEntry test/xml_parser.js
290 silly gunzTarPerm extractEntry nan_maybe_pre_43_inl.h
291 silly gunzTarPerm modified mode [ 'nan_maybe_pre_43_inl.h', 436, 420 ]
292 silly gunzTarPerm extractEntry nan_new.h
293 silly gunzTarPerm modified mode [ 'nan_new.h', 436, 420 ]
294 silly gunzTarPerm extractEntry test/namespace.js
295 silly gunzTarPerm extractEntry test/z_memory_leak.js
296 silly gunzTarPerm extractEntry nan_object_wrap.h
297 silly gunzTarPerm modified mode [ 'nan_object_wrap.h', 436, 420 ]
298 silly gunzTarPerm extractEntry nan_persistent_12_inl.h
299 silly gunzTarPerm modified mode [ 'nan_persistent_12_inl.h', 436, 420 ]
300 silly gunzTarPerm extractEntry nan_persistent_pre_12_inl.h
301 silly gunzTarPerm modified mode [ 'nan_persistent_pre_12_inl.h', 436, 420 ]
302 silly gunzTarPerm extractEntry nan_string_bytes.h
303 silly gunzTarPerm modified mode [ 'nan_string_bytes.h', 436, 420 ]
304 silly gunzTarPerm extractEntry test/node_attributes.js
305 silly gunzTarPerm extractEntry test/fixtures/baseurl.dtd
306 silly gunzTarPerm extractEntry test/fixtures/errors/comment.xml
307 silly gunzTarPerm extractEntry test/fixtures/parser-utf16.xml
308 silly gunzTarPerm extractEntry nan_typedarray_contents.h
309 silly gunzTarPerm modified mode [ 'nan_typedarray_contents.h', 436, 420 ]
310 silly gunzTarPerm extractEntry nan_weak.h
311 silly gunzTarPerm modified mode [ 'nan_weak.h', 436, 420 ]
312 silly gunzTarPerm extractEntry test/fixtures/parser.euc_jp.html
313 silly gunzTarPerm extractEntry test/fixtures/parser.html
314 silly gunzTarPerm extractEntry CHANGELOG.md
315 silly gunzTarPerm modified mode [ 'CHANGELOG.md', 436, 420 ]
316 silly gunzTarPerm extractEntry tools/package.json
317 silly gunzTarPerm modified mode [ 'tools/package.json', 436, 420 ]
318 silly gunzTarPerm extractEntry tools/README.md
319 silly gunzTarPerm modified mode [ 'tools/README.md', 436, 420 ]
320 silly gunzTarPerm extractEntry tools/1to2.js
321 silly gunzTarPerm modified mode [ 'tools/1to2.js', 509, 493 ]
322 silly gunzTarPerm extractEntry test/fixtures/parser.xml
323 silly gunzTarPerm extractEntry test/fixtures/sax_parser.xml
324 silly gunzTarPerm extractEntry test/fixtures/warnings/amp.html
325 silly gunzTarPerm extractEntry test/fixtures/warnings/ent9.xml
326 silly gunzTarPerm extractEntry .travis.yml
327 silly gunzTarPerm extractEntry src/xml_namespace.cc
328 silly gunzTarPerm extractEntry src/html_document.cc
329 silly gunzTarPerm extractEntry src/libxmljs.cc
330 silly gunzTarPerm extractEntry src/libxmljs.h
331 silly gunzTarPerm extractEntry src/xml_attribute.cc
332 silly gunzTarPerm extractEntry src/xml_attribute.h
333 silly gunzTarPerm extractEntry src/xml_comment.cc
334 silly gunzTarPerm extractEntry src/xml_comment.h
335 silly gunzTarPerm extractEntry src/xml_document.cc
336 silly gunzTarPerm extractEntry src/xml_document.h
337 silly gunzTarPerm extractEntry src/xml_element.cc
338 silly gunzTarPerm extractEntry src/xml_element.h
339 silly gunzTarPerm extractEntry src/html_document.h
340 silly gunzTarPerm extractEntry src/xml_namespace.h
341 silly gunzTarPerm extractEntry src/xml_node.cc
342 silly gunzTarPerm extractEntry src/xml_node.h
343 silly gunzTarPerm extractEntry src/xml_sax_parser.cc
344 silly gunzTarPerm extractEntry src/xml_sax_parser.h
345 silly gunzTarPerm extractEntry src/xml_syntax_error.cc
346 silly gunzTarPerm extractEntry src/xml_syntax_error.h
347 silly gunzTarPerm extractEntry src/xml_text.cc
348 silly gunzTarPerm extractEntry src/xml_text.h
349 silly gunzTarPerm extractEntry src/xml_xpath_context.cc
350 silly gunzTarPerm extractEntry src/xml_xpath_context.h
351 silly gunzTarPerm extractEntry vendor/libxml/schematron.c
352 silly gunzTarPerm extractEntry vendor/libxml/DOCBparser.c
353 silly gunzTarPerm extractEntry vendor/libxml/HTMLtree.c
354 silly gunzTarPerm extractEntry vendor/libxml/SAX.c
355 silly gunzTarPerm extractEntry vendor/libxml/SAX2.c
356 silly gunzTarPerm extractEntry vendor/libxml/buf.c
357 silly gunzTarPerm extractEntry vendor/libxml/buf.h
358 silly gunzTarPerm extractEntry vendor/libxml/c14n.c
359 silly gunzTarPerm extractEntry vendor/libxml/catalog.c
360 silly gunzTarPerm extractEntry vendor/libxml/chvalid.c
361 silly gentlyRm /Users/jruiz/Workspace/wecare/node_modules/.staging/nan-4c07feb3/node_modules is being purged
362 verbose gentlyRm don't care about contents; nuking /Users/jruiz/Workspace/wecare/node_modules/.staging/nan-4c07feb3/node_modules
363 silly gunzTarPerm extractEntry vendor/libxml/config.h
364 silly gunzTarPerm extractEntry vendor/libxml/debugXML.c
365 silly gunzTarPerm extractEntry vendor/libxml/dict.c
366 silly gunzTarPerm extractEntry vendor/libxml/elfgcchack.h
367 silly gunzTarPerm extractEntry vendor/libxml/enc.h
368 silly gunzTarPerm extractEntry vendor/libxml/encoding.c
369 silly gunzTarPerm extractEntry vendor/libxml/entities.c
370 silly gunzTarPerm extractEntry vendor/libxml/error.c
371 silly gunzTarPerm extractEntry vendor/libxml/globals.c
372 silly gunzTarPerm extractEntry vendor/libxml/hash.c
373 silly gunzTarPerm extractEntry vendor/libxml/include/libxml/schematron.h
374 silly gunzTarPerm extractEntry vendor/libxml/include/libxml/DOCBparser.h
375 silly gunzTarPerm extractEntry vendor/libxml/include/libxml/HTMLtree.h
376 silly gunzTarPerm extractEntry vendor/libxml/include/libxml/Makefile
377 silly gunzTarPerm extractEntry vendor/libxml/include/libxml/Makefile.am
378 silly gunzTarPerm extractEntry vendor/libxml/include/libxml/Makefile.in
379 silly gunzTarPerm extractEntry vendor/libxml/include/libxml/SAX.h
380 silly gunzTarPerm extractEntry vendor/libxml/include/libxml/SAX2.h
381 silly gunzTarPerm extractEntry vendor/libxml/include/libxml/c14n.h
382 silly gunzTarPerm extractEntry vendor/libxml/include/libxml/catalog.h
383 silly gunzTarPerm extractEntry vendor/libxml/include/libxml/chvalid.h
384 silly gunzTarPerm extractEntry vendor/libxml/include/libxml/debugXML.h
385 silly gunzTarPerm extractEntry vendor/libxml/include/libxml/dict.h
386 silly gunzTarPerm extractEntry vendor/libxml/include/libxml/encoding.h
387 silly gunzTarPerm extractEntry vendor/libxml/include/libxml/entities.h
388 silly gunzTarPerm extractEntry vendor/libxml/include/libxml/globals.h
389 silly gunzTarPerm extractEntry vendor/libxml/include/libxml/hash.h
390 silly gunzTarPerm extractEntry vendor/libxml/include/libxml/list.h
391 silly gunzTarPerm extractEntry vendor/libxml/include/libxml/nanoftp.h
392 silly gunzTarPerm extractEntry vendor/libxml/include/libxml/nanohttp.h
393 silly gunzTarPerm extractEntry vendor/libxml/include/libxml/parser.h
394 silly gunzTarPerm extractEntry vendor/libxml/include/libxml/parserInternals.h
395 silly gunzTarPerm extractEntry vendor/libxml/include/libxml/pattern.h
396 silly gunzTarPerm extractEntry vendor/libxml/include/libxml/relaxng.h
397 silly gunzTarPerm extractEntry vendor/libxml/include/libxml/schemasInternals.h
398 silly gunzTarPerm extractEntry vendor/libxml/include/libxml/HTMLparser.h
399 silly gunzTarPerm extractEntry vendor/libxml/include/libxml/threads.h
400 silly gunzTarPerm extractEntry vendor/libxml/include/libxml/tree.h
401 silly gunzTarPerm extractEntry vendor/libxml/include/libxml/uri.h
402 silly gunzTarPerm extractEntry vendor/libxml/include/libxml/valid.h
403 silly gunzTarPerm extractEntry vendor/libxml/include/libxml/xinclude.h
404 silly gunzTarPerm extractEntry vendor/libxml/include/libxml/xlink.h
405 silly gunzTarPerm extractEntry vendor/libxml/include/libxml/xmlIO.h
406 silly gunzTarPerm extractEntry vendor/libxml/include/libxml/xmlautomata.h
407 silly gunzTarPerm extractEntry vendor/libxml/include/libxml/xmlerror.h
408 silly gunzTarPerm extractEntry vendor/libxml/include/libxml/xmlexports.h
409 silly gunzTarPerm extractEntry vendor/libxml/include/libxml/xmlmemory.h
410 silly gunzTarPerm extractEntry vendor/libxml/include/libxml/xmlmodule.h
411 silly gunzTarPerm extractEntry vendor/libxml/include/libxml/xmlreader.h
412 silly gunzTarPerm extractEntry vendor/libxml/include/libxml/xmlregexp.h
413 silly gunzTarPerm extractEntry vendor/libxml/include/libxml/xmlsave.h
414 silly gunzTarPerm extractEntry vendor/libxml/include/libxml/xmlschemas.h
415 silly gunzTarPerm extractEntry vendor/libxml/include/libxml/xmlschemastypes.h
416 silly gunzTarPerm extractEntry vendor/libxml/include/libxml/xmlstring.h
417 silly gunzTarPerm extractEntry vendor/libxml/include/libxml/xmlunicode.h
418 silly gunzTarPerm extractEntry vendor/libxml/include/libxml/xmlversion.h
419 silly gunzTarPerm extractEntry vendor/libxml/include/libxml/xmlwriter.h
420 silly gunzTarPerm extractEntry vendor/libxml/include/libxml/xpath.h
421 silly gunzTarPerm extractEntry vendor/libxml/include/libxml/xpathInternals.h
422 silly gunzTarPerm extractEntry vendor/libxml/include/libxml/xpointer.h
423 silly gunzTarPerm extractEntry vendor/libxml/include/win32config.h
424 silly gunzTarPerm extractEntry vendor/libxml/include/wsockcompat.h
425 silly gunzTarPerm extractEntry vendor/libxml/legacy.c
426 silly gunzTarPerm extractEntry vendor/libxml/libxml.gyp
427 silly gunzTarPerm extractEntry vendor/libxml/libxml.h
428 silly gunzTarPerm extractEntry vendor/libxml/list.c
429 silly gunzTarPerm extractEntry vendor/libxml/nanoftp.c
430 silly gunzTarPerm extractEntry vendor/libxml/nanohttp.c
431 silly gunzTarPerm extractEntry vendor/libxml/parser.c
432 silly gunzTarPerm extractEntry vendor/libxml/parserInternals.c
433 silly gunzTarPerm extractEntry vendor/libxml/pattern.c
434 silly gunzTarPerm extractEntry vendor/libxml/relaxng.c
435 silly gunzTarPerm extractEntry vendor/libxml/runsuite.c
436 silly gunzTarPerm extractEntry vendor/libxml/save.h
437 silly gunzTarPerm extractEntry vendor/libxml/HTMLparser.c
438 silly gunzTarPerm extractEntry vendor/libxml/threads.c
439 silly gunzTarPerm extractEntry vendor/libxml/timsort.h
440 silly gunzTarPerm extractEntry vendor/libxml/tree.c
441 silly gunzTarPerm extractEntry vendor/libxml/trio.c
442 silly gunzTarPerm extractEntry vendor/libxml/trio.h
443 silly gunzTarPerm extractEntry vendor/libxml/triodef.h
444 silly gunzTarPerm extractEntry vendor/libxml/trionan.c
445 silly gunzTarPerm extractEntry vendor/libxml/trionan.h
446 silly gunzTarPerm extractEntry vendor/libxml/triop.h
447 silly gunzTarPerm extractEntry vendor/libxml/triostr.c
448 silly gunzTarPerm extractEntry vendor/libxml/triostr.h
449 silly gunzTarPerm extractEntry vendor/libxml/uri.c
450 silly gunzTarPerm extractEntry vendor/libxml/valid.c
451 silly gunzTarPerm extractEntry vendor/libxml/xinclude.c
452 silly gunzTarPerm extractEntry vendor/libxml/xlink.c
453 silly gunzTarPerm extractEntry vendor/libxml/xmlIO.c
454 silly gunzTarPerm extractEntry vendor/libxml/xmlcatalog.c
455 silly gunzTarPerm extractEntry vendor/libxml/xmllint.c
456 silly gunzTarPerm extractEntry vendor/libxml/xmlmemory.c
457 silly gunzTarPerm extractEntry vendor/libxml/xmlmodule.c
458 silly gunzTarPerm extractEntry vendor/libxml/xmlreader.c
459 silly gunzTarPerm extractEntry vendor/libxml/xmlregexp.c
460 silly gunzTarPerm extractEntry vendor/libxml/xmlsave.c
461 silly gunzTarPerm extractEntry vendor/libxml/xmlschemas.c
462 silly gunzTarPerm extractEntry vendor/libxml/xmlschemastypes.c
463 silly gunzTarPerm extractEntry vendor/libxml/xmlstring.c
464 silly gunzTarPerm extractEntry vendor/libxml/xmlunicode.c
465 silly gunzTarPerm extractEntry vendor/libxml/xmlwriter.c
466 silly gunzTarPerm extractEntry vendor/libxml/xpath.c
467 silly gunzTarPerm extractEntry vendor/libxml/xpointer.c
468 silly gunzTarPerm extractEntry vendor/libxml/xzlib.c
469 silly gunzTarPerm extractEntry vendor/libxml/xzlib.h
470 silly gentlyRm /Users/jruiz/Workspace/wecare/node_modules/.staging/libxmljs-151ba7ed/node_modules is being purged
471 verbose gentlyRm don't care about contents; nuking /Users/jruiz/Workspace/wecare/node_modules/.staging/libxmljs-151ba7ed/node_modules
472 silly doParallel preinstall 3
473 silly preinstall bindings@1.2.1 /Users/jruiz/Workspace/wecare/node_modules/.staging/bindings-b6e186e3
474 info lifecycle bindings@1.2.1~preinstall: bindings@1.2.1
475 silly preinstall nan@2.3.2 /Users/jruiz/Workspace/wecare/node_modules/.staging/nan-4c07feb3
476 info lifecycle nan@2.3.2~preinstall: nan@2.3.2
477 silly preinstall libxmljs@0.18.0 /Users/jruiz/Workspace/wecare/node_modules/.staging/libxmljs-151ba7ed
478 info lifecycle libxmljs@0.18.0~preinstall: libxmljs@0.18.0
479 silly lifecycle bindings@1.2.1~preinstall: no script for preinstall, continuing
480 silly lifecycle nan@2.3.2~preinstall: no script for preinstall, continuing
481 silly lifecycle libxmljs@0.18.0~preinstall: no script for preinstall, continuing
482 silly doReverseSerial remove 0
483 silly doSerial move 0
484 silly doSerial finalize 3
485 silly finalize /Users/jruiz/Workspace/wecare/node_modules/bindings
486 silly finalize /Users/jruiz/Workspace/wecare/node_modules/libxmljs/node_modules/nan
487 silly finalize /Users/jruiz/Workspace/wecare/node_modules/libxmljs
488 silly doSerial build 3
489 silly build bindings@1.2.1
490 info linkStuff bindings@1.2.1
491 silly linkStuff bindings@1.2.1 has /Users/jruiz/Workspace/wecare/node_modules as its parent node_modules
492 verbose linkBins bindings@1.2.1
493 verbose linkMans bindings@1.2.1
494 silly build nan@2.3.2
495 info linkStuff nan@2.3.2
496 silly linkStuff nan@2.3.2 has /Users/jruiz/Workspace/wecare/node_modules/libxmljs/node_modules as its parent node_modules
497 verbose linkBins nan@2.3.2
498 verbose linkMans nan@2.3.2
499 silly build libxmljs@0.18.0
500 info linkStuff libxmljs@0.18.0
501 silly linkStuff libxmljs@0.18.0 has /Users/jruiz/Workspace/wecare/node_modules as its parent node_modules
502 verbose linkBins libxmljs@0.18.0
503 verbose linkMans libxmljs@0.18.0
504 silly doSerial global-link 0
505 silly doParallel update-linked 0
506 silly doSerial install 3
507 silly install bindings@1.2.1 /Users/jruiz/Workspace/wecare/node_modules/.staging/bindings-b6e186e3
508 info lifecycle bindings@1.2.1~install: bindings@1.2.1
509 silly lifecycle bindings@1.2.1~install: no script for install, continuing
510 silly install nan@2.3.2 /Users/jruiz/Workspace/wecare/node_modules/.staging/nan-4c07feb3
511 info lifecycle nan@2.3.2~install: nan@2.3.2
512 silly lifecycle nan@2.3.2~install: no script for install, continuing
513 silly install libxmljs@0.18.0 /Users/jruiz/Workspace/wecare/node_modules/.staging/libxmljs-151ba7ed
514 info lifecycle libxmljs@0.18.0~install: libxmljs@0.18.0
515 verbose lifecycle libxmljs@0.18.0~install: unsafe-perm in lifecycle true
516 verbose lifecycle libxmljs@0.18.0~install: PATH: /usr/local/lib/node_modules/npm/bin/node-gyp-bin:/Users/jruiz/Workspace/wecare/node_modules/libxmljs/node_modules/.bin:/Users/jruiz/Workspace/wecare/node_modules/.bin:/usr/local/Cellar/node/6.4.0/bin:/usr/local/bin:/usr/bin:/bin:/usr/sbin:/sbin:/usr/local/sbin:/usr/local/mysql/bin
517 verbose lifecycle libxmljs@0.18.0~install: CWD: /Users/jruiz/Workspace/wecare/node_modules/libxmljs
518 silly lifecycle libxmljs@0.18.0~install: Args: [ '-c', 'node-gyp rebuild' ]
519 silly lifecycle libxmljs@0.18.0~install: Returned: code: 1  signal: null
520 info lifecycle libxmljs@0.18.0~install: Failed to exec install script
521 verbose unlock done using /Users/jruiz/.npm/_locks/staging-78575dc1dc1fe044.lock for /Users/jruiz/Workspace/wecare/node_modules/.staging
522 silly rollbackFailedOptional Starting
523 silly rollbackFailedOptional Finishing
524 silly runTopLevelLifecycles Starting
525 silly runTopLevelLifecycles Finishing
526 silly install printInstalled
527 warn wecare@1.0.0 No repository field.
528 verbose stack Error: libxmljs@0.18.0 install: `node-gyp rebuild`
528 verbose stack Exit wso2Status 1
528 verbose stack     at EventEmitter.<anonymous> (/usr/local/lib/node_modules/npm/lib/utils/lifecycle.js:242:16)
528 verbose stack     at emitTwo (events.js:106:13)
528 verbose stack     at EventEmitter.emit (events.js:191:7)
528 verbose stack     at ChildProcess.<anonymous> (/usr/local/lib/node_modules/npm/lib/utils/spawn.js:40:14)
528 verbose stack     at emitTwo (events.js:106:13)
528 verbose stack     at ChildProcess.emit (events.js:191:7)
528 verbose stack     at maybeClose (internal/child_process.js:852:16)
528 verbose stack     at Process.ChildProcess._handle.onexit (internal/child_process.js:215:5)
529 verbose pkgid libxmljs@0.18.0
530 verbose cwd /Users/jruiz/Workspace/wecare/web
531 error Darwin 15.6.0
532 error argv "/usr/local/Cellar/node/6.4.0/bin/node" "/usr/local/bin/npm" "install" "libxmljs"
533 error node v6.4.0
534 error npm  v3.10.3
535 error code ELIFECYCLE
536 error libxmljs@0.18.0 install: `node-gyp rebuild`
536 error Exit wso2Status 1
537 error Failed at the libxmljs@0.18.0 install script 'node-gyp rebuild'.
537 error Make sure you have the latest version of node.js and npm installed.
537 error If you do, this is most likely a problem with the libxmljs package,
537 error not with npm itself.
537 error Tell the author that this fails on your system:
537 error     node-gyp rebuild
537 error You can get information on how to open an issue for this project with:
537 error     npm bugs libxmljs
537 error Or if that isn't available, you can get their info via:
537 error     npm owner ls libxmljs
537 error There is likely additional logging output above.
538 verbose exit [ 1, true ]
